\BOOKMARK [1][-]{section.1}{\376\377\000I\000n\000t\000r\000o\000d\000u\000c\000t\000i\000o\000n}{}% 1
\BOOKMARK [2][-]{subsection.1.1}{\376\377\000M\000o\000t\000i\000v\000a\000t\000i\000o\000n\000\040\000a\000n\000d\000\040\000B\000r\000o\000a\000d\000e\000r\000\040\000R\000e\000l\000e\000v\000a\000n\000c\000e}{section.1}% 2
\BOOKMARK [2][-]{subsection.1.2}{\376\377\000R\000e\000s\000e\000a\000r\000c\000h\000\040\000Q\000u\000e\000s\000t\000i\000o\000n\000s}{section.1}% 3
\BOOKMARK [2][-]{subsection.1.3}{\376\377\000H\000y\000p\000o\000t\000h\000e\000s\000e\000s\000\040\000a\000n\000d\000\040\000E\000x\000p\000e\000c\000t\000e\000d\000\040\000O\000u\000t\000c\000o\000m\000e\000s}{section.1}% 4
\BOOKMARK [2][-]{subsection.1.4}{\376\377\000C\000o\000n\000t\000r\000i\000b\000u\000t\000i\000o\000n\000s}{section.1}% 5
\BOOKMARK [1][-]{section.2}{\376\377\000L\000i\000t\000e\000r\000a\000t\000u\000r\000e\000\040\000R\000e\000v\000i\000e\000w}{}% 6
\BOOKMARK [2][-]{subsection.2.1}{\376\377\000E\000a\000r\000l\000y\000\040\000E\000x\000p\000e\000r\000i\000m\000e\000n\000t\000a\000l\000\040\000M\000a\000r\000k\000e\000t\000s\000:\000\040\000F\000r\000o\000m\000\040\000C\000h\000a\000o\000s\000\040\000t\000o\000\040\000E\000q\000u\000i\000l\000i\000b\000r\000i\000u\000m}{section.2}% 7
\BOOKMARK [2][-]{subsection.2.2}{\376\377\000T\000h\000e\000o\000r\000e\000t\000i\000c\000a\000l\000\040\000F\000o\000u\000n\000d\000a\000t\000i\000o\000n\000s\000:\000\040\000H\000e\000u\000r\000i\000s\000t\000i\000c\000s\000\040\000a\000n\000d\000\040\000G\000a\000m\000e\000\040\000T\000h\000e\000o\000r\000y}{section.2}% 8
\BOOKMARK [2][-]{subsection.2.3}{\376\377\000Z\000e\000r\000o\000-\000I\000n\000t\000e\000l\000l\000i\000g\000e\000n\000c\000e\000\040\000a\000n\000d\000\040\000t\000h\000e\000\040\000T\000h\000e\000\040\000S\000a\000n\000t\000a\000\040\000F\000e\000\040\000T\000o\000u\000r\000n\000a\000m\000e\000n\000t}{section.2}% 9
\BOOKMARK [2][-]{subsection.2.4}{\376\377\000T\000h\000e\000\040\000P\000o\000s\000t\000-\000T\000o\000u\000r\000n\000a\000m\000e\000n\000t\000\040\000E\000r\000a\000:\000\040\000A\000d\000a\000p\000t\000a\000t\000i\000o\000n\000\040\000a\000n\000d\000\040\000O\000p\000t\000i\000m\000i\000z\000a\000t\000i\000o\000n}{section.2}% 10
\BOOKMARK [1][-]{section.3}{\376\377\000T\000h\000e\000\040\000M\000a\000r\000k\000e\000t}{}% 11
\BOOKMARK [2][-]{subsection.3.1}{\376\377\000E\000x\000p\000e\000r\000i\000m\000e\000n\000t\000a\000l\000\040\000E\000n\000v\000i\000r\000o\000n\000m\000e\000n\000t\000s}{section.3}% 12
\BOOKMARK [2][-]{subsection.3.2}{\376\377\000O\000u\000t\000c\000o\000m\000e\000\040\000M\000e\000t\000r\000i\000c\000s}{section.3}% 13
\BOOKMARK [3][-]{subsubsection.3.2.1}{\376\377\000M\000a\000r\000k\000e\000t\000\040\000E\000f\000f\000i\000c\000i\000e\000n\000c\000y}{subsection.3.2}% 14
\BOOKMARK [3][-]{subsubsection.3.2.2}{\376\377\000P\000r\000i\000c\000e\000\040\000C\000o\000n\000v\000e\000r\000g\000e\000n\000c\000e}{subsection.3.2}% 15
\BOOKMARK [3][-]{subsubsection.3.2.3}{\376\377\000T\000r\000a\000d\000e\000r\000\040\000P\000e\000r\000f\000o\000r\000m\000a\000n\000c\000e}{subsection.3.2}% 16
\BOOKMARK [1][-]{section.4}{\376\377\000T\000h\000e\000\040\000T\000r\000a\000d\000e\000r\000s}{}% 17
\BOOKMARK [2][-]{subsection.4.1}{\376\377\000Z\000e\000r\000o\000-\000I\000n\000t\000e\000l\000l\000i\000g\000e\000n\000c\000e\000\040\000A\000l\000g\000o\000r\000i\000t\000h\000m\000s}{section.4}% 18
\BOOKMARK [3][-]{subsubsection.4.1.1}{\376\377\000Z\000e\000r\000o\000\040\000I\000n\000t\000e\000l\000l\000i\000g\000e\000n\000c\000e\000\040\000\050\000Z\000I\000\051}{subsection.4.1}% 19
\BOOKMARK [3][-]{subsubsection.4.1.2}{\376\377\000Z\000e\000r\000o\000\040\000I\000n\000t\000e\000l\000l\000i\000g\000e\000n\000c\000e\000\040\000C\000o\000n\000s\000t\000r\000a\000i\000n\000e\000d\000\040\000\050\000Z\000I\000C\000\051}{subsection.4.1}% 20
\BOOKMARK [3][-]{subsubsection.4.1.3}{\376\377\000Z\000e\000r\000o\000\040\000I\000n\000t\000e\000l\000l\000i\000g\000e\000n\000c\000e\000\040\000P\000l\000u\000s\000\040\000\050\000Z\000I\000P\000\051}{subsection.4.1}% 21
\BOOKMARK [3][-]{subsubsection.4.1.4}{\376\377\000Z\000e\000r\000o\000\040\000I\000n\000t\000e\000l\000l\000i\000g\000e\000n\000c\000e\000\040\000T\000w\000o\000\040\000\050\000Z\000I\0002\000\051}{subsection.4.1}% 22
\BOOKMARK [2][-]{subsection.4.2}{\376\377\000S\000a\000n\000t\000a\000\040\000F\000e\000\040\000T\000o\000u\000r\000n\000a\000m\000e\000n\000t\000\040\000A\000l\000g\000o\000r\000i\000t\000h\000m\000s}{section.4}% 23
\BOOKMARK [3][-]{subsubsection.4.2.1}{\376\377\000G\000j\000e\000r\000s\000t\000a\000d\000-\000D\000i\000c\000k\000h\000a\000u\000t\000\040\000\050\000G\000D\000\051}{subsection.4.2}% 24
\BOOKMARK [3][-]{subsubsection.4.2.2}{\376\377\000K\000a\000p\000l\000a\000n}{subsection.4.2}% 25
\BOOKMARK [3][-]{subsubsection.4.2.3}{\376\377\000L\000i\000n}{subsection.4.2}% 26
\BOOKMARK [3][-]{subsubsection.4.2.4}{\376\377\000J\000a\000c\000o\000b\000s\000o\000n}{subsection.4.2}% 27
\BOOKMARK [3][-]{subsubsection.4.2.5}{\376\377\000P\000e\000r\000r\000y}{subsection.4.2}% 28
\BOOKMARK [3][-]{subsubsection.4.2.6}{\376\377\000S\000k\000e\000l\000e\000t\000o\000n}{subsection.4.2}% 29
\BOOKMARK [2][-]{subsection.4.3}{\376\377\000M\000o\000d\000e\000r\000n\000\040\000A\000I\000\040\000A\000g\000e\000n\000t\000s}{section.4}% 30
\BOOKMARK [3][-]{subsubsection.4.3.1}{\376\377\000T\000h\000e\000\040\000G\000r\000a\000d\000i\000e\000n\000t\000\040\000T\000r\000a\000d\000e\000r\000\040\000\050\000P\000P\000O\000\051}{subsection.4.3}% 31
\BOOKMARK [3][-]{subsubsection.4.3.2}{\376\377\000T\000h\000e\000\040\000S\000e\000m\000a\000n\000t\000i\000c\000\040\000T\000r\000a\000d\000e\000r\000\040\000\050\000L\000L\000M\000\051}{subsection.4.3}% 32
\BOOKMARK [1][-]{section.5}{\376\377\000I\000n\000t\000e\000l\000l\000i\000g\000e\000n\000c\000e\000\040\000a\000n\000d\000\040\000M\000a\000r\000k\000e\000t\000s}{}% 33
\BOOKMARK [2][-]{subsection.5.1}{\376\377\000S\000e\000l\000f\000p\000l\000a\000y\000\040\000R\000e\000s\000u\000l\000t\000s}{section.5}% 34
\BOOKMARK [3][-]{subsubsection.5.1.1}{\376\377\000B\000a\000s\000e\000l\000i\000n\000e\000\040\000P\000e\000r\000f\000o\000r\000m\000a\000n\000c\000e}{subsection.5.1}% 35
\BOOKMARK [3][-]{subsubsection.5.1.2}{\376\377\000V\000o\000l\000a\000t\000i\000l\000i\000t\000y\000\040\000a\000n\000d\000\040\000T\000r\000a\000d\000e\000-\000o\000f\000f\000s}{subsection.5.1}% 36
\BOOKMARK [3][-]{subsubsection.5.1.3}{\376\377\000V\000-\000I\000n\000e\000f\000f\000i\000c\000i\000e\000n\000c\000y\000\040\000a\000n\000d\000\040\000D\000i\000s\000p\000e\000r\000s\000i\000o\000n}{subsection.5.1}% 37
\BOOKMARK [2][-]{subsection.5.2}{\376\377\000R\000e\000s\000u\000l\000t\000s\000\040\000A\000c\000r\000o\000s\000s\000\040\000M\000a\000r\000k\000e\000t\000\040\000E\000n\000v\000i\000r\000o\000n\000m\000e\000n\000t\000s}{section.5}% 38
\BOOKMARK [3][-]{subsubsection.5.2.1}{\376\377\000E\000f\000f\000i\000c\000i\000e\000n\000c\000y}{subsection.5.2}% 39
\BOOKMARK [3][-]{subsubsection.5.2.2}{\376\377\000V\000o\000l\000a\000t\000i\000l\000i\000t\000y}{subsection.5.2}% 40
\BOOKMARK [3][-]{subsubsection.5.2.3}{\376\377\000V\000-\000I\000n\000e\000f\000f\000i\000c\000i\000e\000n\000c\000y}{subsection.5.2}% 41
\BOOKMARK [3][-]{subsubsection.5.2.4}{\376\377\000P\000r\000o\000f\000i\000t\000\040\000D\000i\000s\000p\000e\000r\000s\000i\000o\000n}{subsection.5.2}% 42
\BOOKMARK [3][-]{subsubsection.5.2.5}{\376\377\000T\000r\000a\000d\000i\000n\000g\000\040\000V\000o\000l\000u\000m\000e}{subsection.5.2}% 43
\BOOKMARK [1][-]{section.6}{\376\377\000S\000a\000n\000t\000a\000\040\000F\000e\000\040\000T\000o\000u\000r\000n\000a\000m\000e\000n\000t\000\040\000R\000e\000p\000l\000i\000c\000a\000t\000i\000o\000n}{}% 44
\BOOKMARK [2][-]{subsection.6.1}{\376\377\000A\000g\000a\000i\000n\000s\000t\000\040\000C\000o\000n\000t\000r\000o\000l\000\040\000\050\0001\000\040\000S\000t\000r\000a\000t\000e\000g\000y\000\040\000v\000s\000\040\0007\000\040\000Z\000I\000C\000\051}{section.6}% 45
\BOOKMARK [3][-]{subsubsection.6.1.1}{\376\377\000C\000o\000n\000t\000r\000o\000l\000\040\000P\000r\000i\000c\000e\000\040\000V\000o\000l\000a\000t\000i\000l\000i\000t\000y}{subsection.6.1}% 46
\BOOKMARK [3][-]{subsubsection.6.1.2}{\376\377\000I\000n\000v\000a\000s\000i\000b\000i\000l\000i\000t\000y\000\040\000\050\000P\000r\000o\000f\000i\000t\000\040\000R\000a\000t\000i\000o\000s\000\051}{subsection.6.1}% 47
\BOOKMARK [2][-]{subsection.6.2}{\376\377\000S\000e\000l\000f\000-\000P\000l\000a\000y\000\040\000\050\000A\000l\000l\000\040\0008\000\040\000T\000r\000a\000d\000e\000r\000s\000\040\000S\000a\000m\000e\000\040\000T\000y\000p\000e\000\051}{section.6}% 48
\BOOKMARK [3][-]{subsubsection.6.2.1}{\376\377\000S\000e\000l\000f\000-\000P\000l\000a\000y\000\040\000P\000r\000i\000c\000e\000\040\000V\000o\000l\000a\000t\000i\000l\000i\000t\000y}{subsection.6.2}% 49
\BOOKMARK [3][-]{subsubsection.6.2.2}{\376\377\000S\000e\000l\000f\000-\000P\000l\000a\000y\000\040\000V\000-\000I\000n\000e\000f\000f\000i\000c\000i\000e\000n\000c\000y}{subsection.6.2}% 50
\BOOKMARK [2][-]{subsection.6.3}{\376\377\000P\000a\000i\000r\000w\000i\000s\000e\000\040\000C\000o\000m\000p\000e\000t\000i\000t\000i\000o\000n}{section.6}% 51
\BOOKMARK [2][-]{subsection.6.4}{\376\377\000Z\000I\000P\000\040\000H\000y\000p\000e\000r\000p\000a\000r\000a\000m\000e\000t\000e\000r\000\040\000T\000u\000n\000i\000n\000g}{section.6}% 52
\BOOKMARK [2][-]{subsection.6.5}{\376\377\000I\000n\000d\000i\000v\000i\000d\000u\000a\000l\000\040\000P\000r\000o\000f\000i\000t\000\040\000A\000n\000a\000l\000y\000s\000i\000s}{section.6}% 53
\BOOKMARK [2][-]{subsection.6.6}{\376\377\000R\000o\000u\000n\000d\000\040\000R\000o\000b\000i\000n\000\040\000T\000o\000u\000r\000n\000a\000m\000e\000n\000t}{section.6}% 54
\BOOKMARK [2][-]{subsection.6.7}{\376\377\000S\000u\000m\000m\000a\000r\000y}{section.6}% 55
\BOOKMARK [1][-]{section.7}{\376\377\000R\000e\000i\000n\000f\000o\000r\000c\000e\000m\000e\000n\000t\000\040\000L\000e\000a\000r\000n\000i\000n\000g\000\040\000T\000r\000a\000d\000e\000r}{}% 56
\BOOKMARK [2][-]{subsection.7.1}{\376\377\000S\000i\000n\000g\000l\000e\000-\000A\000g\000e\000n\000t\000\040\000I\000n\000v\000a\000s\000i\000o\000n}{section.7}% 57
\BOOKMARK [2][-]{subsection.7.2}{\376\377\000T\000h\000e\000\040\000N\000e\000u\000r\000a\000l\000\040\000M\000a\000r\000k\000e\000t\000\040\000E\000q\000u\000i\000l\000i\000b\000r\000i\000u\000m}{section.7}% 58
\BOOKMARK [1][-]{section.8}{\376\377\000L\000a\000r\000g\000e\000\040\000L\000a\000n\000g\000u\000a\000g\000e\000\040\000M\000o\000d\000e\000l\000\040\000T\000r\000a\000d\000e\000r}{}% 59
\BOOKMARK [2][-]{subsection.8.1}{\376\377\000E\000x\000p\000e\000r\000i\000m\000e\000n\000t\000a\000l\000\040\000D\000e\000s\000i\000g\000n\000:\000\040\000P\000r\000o\000m\000p\000t\000\040\000E\000n\000g\000i\000n\000e\000e\000r\000i\000n\000g\000\040\000f\000o\000r\000\040\000E\000c\000o\000n\000o\000m\000i\000c\000\040\000A\000g\000e\000n\000t\000s}{section.8}% 60
\BOOKMARK [2][-]{subsection.8.2}{\376\377\000Z\000e\000r\000o\000-\000S\000h\000o\000t\000\040\000P\000e\000r\000f\000o\000r\000m\000a\000n\000c\000e\000\040\000v\000s\000\040\000L\000e\000g\000a\000c\000y\000\040\000B\000a\000s\000e\000l\000i\000n\000e\000s}{section.8}% 61
\BOOKMARK [2][-]{subsection.8.3}{\376\377\000M\000o\000d\000e\000l\000\040\000C\000o\000m\000p\000a\000r\000i\000s\000o\000n\000:\000\040\000I\000n\000t\000e\000l\000l\000i\000g\000e\000n\000c\000e\000\040\000v\000s\000\040\000C\000o\000s\000t}{section.8}% 62
\BOOKMARK [2][-]{subsection.8.4}{\376\377\000D\000i\000a\000g\000n\000o\000s\000i\000s\000:\000\040\000S\000e\000l\000l\000e\000r\000\040\000R\000o\000l\000e\000\040\000C\000o\000n\000f\000u\000s\000i\000o\000n}{section.8}% 63
\BOOKMARK [2][-]{subsection.8.5}{\376\377\000K\000e\000y\000\040\000F\000i\000n\000d\000i\000n\000g\000s\000:\000\040\000W\000h\000a\000t\000\040\000I\000n\000f\000o\000r\000m\000a\000t\000i\000o\000n\000\040\000H\000e\000l\000p\000s\000\040\000v\000s\000\040\000H\000u\000r\000t\000s}{section.8}% 64
\BOOKMARK [2][-]{subsection.8.6}{\376\377\000C\000o\000m\000p\000u\000t\000a\000t\000i\000o\000n\000a\000l\000\040\000C\000o\000s\000t\000-\000P\000e\000r\000f\000o\000r\000m\000a\000n\000c\000e\000\040\000T\000r\000a\000d\000e\000-\000o\000f\000f\000s}{section.8}% 65
\BOOKMARK [2][-]{subsection.8.7}{\376\377\000I\000m\000p\000l\000i\000c\000a\000t\000i\000o\000n\000s\000\040\000a\000n\000d\000\040\000F\000u\000t\000u\000r\000e\000\040\000W\000o\000r\000k}{section.8}% 66
\BOOKMARK [1][-]{section.9}{\376\377\000D\000i\000s\000c\000u\000s\000s\000i\000o\000n}{}% 67
\BOOKMARK [1][-]{appendix.A}{\376\377\000T\000h\000e\000\040\000T\000o\000u\000r\000n\000a\000m\000e\000n\000t\000\040\000E\000n\000v\000i\000r\000o\000n\000m\000e\000n\000t\000\040\000a\000n\000d\000\040\000M\000e\000t\000r\000i\000c\000s}{}% 68
\BOOKMARK [2][-]{subsection.A.1}{\376\377\000M\000a\000r\000k\000e\000t\000\040\000M\000e\000c\000h\000a\000n\000i\000s\000m}{appendix.A}% 69
\BOOKMARK [3][-]{subsubsection.A.1.1}{\376\377\000P\000h\000a\000s\000e\000\040\0001\000:\000\040\000B\000i\000d\000/\000A\000s\000k\000\040\000\050\000Q\000u\000o\000t\000e\000\040\000S\000u\000b\000m\000i\000s\000s\000i\000o\000n\000\051}{subsection.A.1}% 70
\BOOKMARK [3][-]{subsubsection.A.1.2}{\376\377\000P\000h\000a\000s\000e\000\040\0002\000:\000\040\000B\000u\000y\000/\000S\000e\000l\000l\000\040\000\050\000T\000r\000a\000n\000s\000a\000c\000t\000i\000o\000n\000\040\000E\000x\000e\000c\000u\000t\000i\000o\000n\000\051}{subsection.A.1}% 71
\BOOKMARK [2][-]{subsection.A.2}{\376\377\000T\000o\000k\000e\000n\000\040\000G\000e\000n\000e\000r\000a\000t\000i\000o\000n}{appendix.A}% 72
\BOOKMARK [2][-]{subsection.A.3}{\376\377\000P\000e\000r\000f\000o\000r\000m\000a\000n\000c\000e\000\040\000M\000e\000t\000r\000i\000c\000s}{appendix.A}% 73
\BOOKMARK [3][-]{subsubsection.A.3.1}{\376\377\000A\000l\000l\000o\000c\000a\000t\000i\000v\000e\000\040\000E\000f\000f\000i\000c\000i\000e\000n\000c\000y}{subsection.A.3}% 74
\BOOKMARK [3][-]{subsubsection.A.3.2}{\376\377\000I\000n\000e\000f\000f\000i\000c\000i\000e\000n\000c\000y\000\040\000D\000e\000c\000o\000m\000p\000o\000s\000i\000t\000i\000o\000n}{subsection.A.3}% 75
\BOOKMARK [3][-]{subsubsection.A.3.3}{\376\377\000P\000r\000o\000f\000i\000t\000\040\000S\000h\000a\000r\000e\000\040\000a\000n\000d\000\040\000W\000e\000a\000l\000t\000h\000\040\000T\000r\000a\000n\000s\000f\000e\000r}{subsection.A.3}% 76
\BOOKMARK [3][-]{subsubsection.A.3.4}{\376\377\000I\000m\000p\000l\000i\000c\000i\000t\000\040\000M\000a\000r\000k\000u\000p}{subsection.A.3}% 77
\BOOKMARK [1][-]{appendix.A}{\376\377\000T\000h\000e\000\040\000D\000e\000e\000p\000\040\000R\000e\000i\000n\000f\000o\000r\000c\000e\000m\000e\000n\000t\000\040\000L\000e\000a\000r\000n\000i\000n\000g\000\040\000T\000r\000a\000d\000e\000r}{}% 78
\BOOKMARK [2][-]{subsection.A.1}{\376\377\000P\000r\000o\000x\000i\000m\000a\000l\000\040\000P\000o\000l\000i\000c\000y\000\040\000O\000p\000t\000i\000m\000i\000z\000a\000t\000i\000o\000n\000\040\000\050\000P\000P\000O\000\051}{appendix.A}% 79
\BOOKMARK [2][-]{subsection.A.2}{\376\377\000A\000g\000e\000n\000t\000\040\000A\000r\000c\000h\000i\000t\000e\000c\000t\000u\000r\000e}{appendix.A}% 80
\BOOKMARK [3][-]{subsubsection.A.2.1}{\376\377\000S\000t\000a\000t\000e\000\040\000R\000e\000p\000r\000e\000s\000e\000n\000t\000a\000t\000i\000o\000n}{subsection.A.2}% 81
\BOOKMARK [3][-]{subsubsection.A.2.2}{\376\377\000N\000e\000t\000w\000o\000r\000k\000\040\000S\000t\000r\000u\000c\000t\000u\000r\000e}{subsection.A.2}% 82
\BOOKMARK [3][-]{subsubsection.A.2.3}{\376\377\000A\000c\000t\000i\000o\000n\000\040\000S\000p\000a\000c\000e}{subsection.A.2}% 83
\BOOKMARK [2][-]{subsection.A.3}{\376\377\000T\000r\000a\000i\000n\000i\000n\000g\000\040\000P\000r\000o\000c\000e\000d\000u\000r\000e}{appendix.A}% 84
\BOOKMARK [1][-]{appendix.B}{\376\377\000T\000h\000e\000\040\000L\000a\000r\000g\000e\000\040\000L\000a\000n\000g\000u\000a\000g\000e\000\040\000M\000o\000d\000e\000l\000\040\000T\000r\000a\000d\000e\000r}{}% 85
\BOOKMARK [2][-]{subsection.B.1}{\376\377\000P\000r\000o\000m\000p\000t\000\040\000E\000n\000g\000i\000n\000e\000e\000r\000i\000n\000g\000\040\000F\000r\000a\000m\000e\000w\000o\000r\000k}{appendix.B}% 86
\BOOKMARK [3][-]{subsubsection.B.1.1}{\376\377\000S\000y\000s\000t\000e\000m\000\040\000P\000r\000o\000m\000p\000t}{subsection.B.1}% 87
\BOOKMARK [3][-]{subsubsection.B.1.2}{\376\377\000C\000o\000n\000t\000e\000x\000t\000u\000a\000l\000\040\000S\000t\000a\000t\000e\000\040\000R\000e\000p\000r\000e\000s\000e\000n\000t\000a\000t\000i\000o\000n}{subsection.B.1}% 88
\BOOKMARK [2][-]{subsection.B.2}{\376\377\000A\000c\000t\000i\000o\000n\000\040\000P\000a\000r\000s\000i\000n\000g\000\040\000a\000n\000d\000\040\000S\000t\000r\000u\000c\000t\000u\000r\000e\000d\000\040\000O\000u\000t\000p\000u\000t}{appendix.B}% 89
\BOOKMARK [2][-]{subsection.B.3}{\376\377\000O\000p\000e\000r\000a\000t\000i\000o\000n\000a\000l\000\040\000C\000o\000n\000s\000t\000r\000a\000i\000n\000t\000s\000\040\000a\000n\000d\000\040\000T\000i\000m\000e\000\040\000M\000a\000n\000a\000g\000e\000m\000e\000n\000t}{appendix.B}% 90
\BOOKMARK [2][-]{subsection.B.4}{\376\377\000C\000a\000s\000e\000\040\000S\000t\000u\000d\000y\000:\000\040\000A\000\040\000S\000i\000n\000g\000l\000e\000\040\000T\000r\000a\000d\000i\000n\000g\000\040\000S\000t\000e\000p}{appendix.B}% 91
\BOOKMARK [1][-]{appendix.C}{\376\377\000O\000u\000t\000c\000o\000m\000e\000\040\000M\000e\000t\000r\000i\000c\000s\000\040\000f\000o\000r\000\040\000C\000o\000n\000t\000i\000n\000u\000o\000u\000s\000\040\000D\000o\000u\000b\000l\000e\000\040\000A\000u\000c\000t\000i\000o\000n\000s}{}% 92
\BOOKMARK [2][-]{subsection.C.1}{\376\377\000M\000a\000t\000h\000e\000m\000a\000t\000i\000c\000a\000l\000\040\000N\000o\000t\000a\000t\000i\000o\000n\000\040\000a\000n\000d\000\040\000P\000r\000e\000l\000i\000m\000i\000n\000a\000r\000i\000e\000s}{appendix.C}% 93
\BOOKMARK [3][-]{subsubsection.C.1.1}{\376\377\000T\000h\000e\000\040\000E\000n\000v\000i\000r\000o\000n\000m\000e\000n\000t}{subsection.C.1}% 94
\BOOKMARK [3][-]{subsubsection.C.1.2}{\376\377\000D\000e\000m\000a\000n\000d\000\040\000a\000n\000d\000\040\000S\000u\000p\000p\000l\000y\000\040\000S\000c\000h\000e\000d\000u\000l\000e\000s}{subsection.C.1}% 95
\BOOKMARK [3][-]{subsubsection.C.1.3}{\376\377\000E\000q\000u\000i\000l\000i\000b\000r\000i\000u\000m\000\040\000D\000e\000f\000i\000n\000i\000t\000i\000o\000n\000s}{subsection.C.1}% 96
\BOOKMARK [3][-]{subsubsection.C.1.4}{\376\377\000M\000a\000r\000k\000e\000t\000\040\000A\000c\000t\000i\000v\000i\000t\000y\000\040\000N\000o\000t\000a\000t\000i\000o\000n}{subsection.C.1}% 97
\BOOKMARK [2][-]{subsection.C.2}{\376\377\000M\000a\000r\000k\000e\000t\000\040\000E\000f\000f\000i\000c\000i\000e\000n\000c\000y\000\040\000M\000e\000t\000r\000i\000c\000s}{appendix.C}% 98
\BOOKMARK [3][-]{subsubsection.C.2.1}{\376\377\000A\000l\000l\000o\000c\000a\000t\000i\000v\000e\000\040\000E\000f\000f\000i\000c\000i\000e\000n\000c\000y}{subsection.C.2}% 99
\BOOKMARK [3][-]{subsubsection.C.2.2}{\376\377\000E\000f\000f\000i\000c\000i\000e\000n\000c\000y\000\040\000L\000o\000s\000s\000\040\000D\000e\000c\000o\000m\000p\000o\000s\000i\000t\000i\000o\000n}{subsection.C.2}% 100
\BOOKMARK [2][-]{subsection.C.3}{\376\377\000P\000r\000i\000c\000e\000\040\000C\000o\000n\000v\000e\000r\000g\000e\000n\000c\000e\000\040\000M\000e\000t\000r\000i\000c\000s}{appendix.C}% 101
\BOOKMARK [3][-]{subsubsection.C.3.1}{\376\377\000R\000o\000o\000t\000\040\000M\000e\000a\000n\000\040\000S\000q\000u\000a\000r\000e\000d\000\040\000D\000e\000v\000i\000a\000t\000i\000o\000n}{subsection.C.3}% 102
\BOOKMARK [3][-]{subsubsection.C.3.2}{\376\377\000S\000m\000i\000t\000h\000'\000s\000\040\000A\000l\000p\000h\000a}{subsection.C.3}% 103
\BOOKMARK [3][-]{subsubsection.C.3.3}{\376\377\000P\000r\000i\000c\000e\000\040\000S\000t\000a\000n\000d\000a\000r\000d\000\040\000D\000e\000v\000i\000a\000t\000i\000o\000n}{subsection.C.3}% 104
\BOOKMARK [3][-]{subsubsection.C.3.4}{\376\377\000P\000r\000i\000c\000e\000\040\000V\000o\000l\000a\000t\000i\000l\000i\000t\000y\000\040\000P\000e\000r\000c\000e\000n\000t\000a\000g\000e}{subsection.C.3}% 105
\BOOKMARK [3][-]{subsubsection.C.3.5}{\376\377\000H\000i\000t\000\040\000R\000a\000t\000e}{subsection.C.3}% 106
\BOOKMARK [3][-]{subsubsection.C.3.6}{\376\377\000M\000e\000a\000n\000\040\000A\000b\000s\000o\000l\000u\000t\000e\000\040\000D\000e\000v\000i\000a\000t\000i\000o\000n}{subsection.C.3}% 107
\BOOKMARK [2][-]{subsection.C.4}{\376\377\000T\000r\000a\000d\000e\000r\000\040\000P\000e\000r\000f\000o\000r\000m\000a\000n\000c\000e\000\040\000M\000e\000t\000r\000i\000c\000s}{appendix.C}% 108
\BOOKMARK [3][-]{subsubsection.C.4.1}{\376\377\000I\000n\000d\000i\000v\000i\000d\000u\000a\000l\000\040\000P\000r\000o\000f\000i\000t}{subsection.C.4}% 109
\BOOKMARK [3][-]{subsubsection.C.4.2}{\376\377\000E\000q\000u\000i\000l\000i\000b\000r\000i\000u\000m\000\040\000P\000r\000o\000f\000i\000t}{subsection.C.4}% 110
\BOOKMARK [3][-]{subsubsection.C.4.3}{\376\377\000P\000r\000o\000f\000i\000t\000\040\000D\000e\000v\000i\000a\000t\000i\000o\000n}{subsection.C.4}% 111
\BOOKMARK [3][-]{subsubsection.C.4.4}{\376\377\000I\000n\000d\000i\000v\000i\000d\000u\000a\000l\000\040\000E\000f\000f\000i\000c\000i\000e\000n\000c\000y\000\040\000R\000a\000t\000i\000o}{subsection.C.4}% 112
\BOOKMARK [3][-]{subsubsection.C.4.5}{\376\377\000P\000r\000o\000f\000i\000t\000\040\000D\000i\000s\000p\000e\000r\000s\000i\000o\000n}{subsection.C.4}% 113
\BOOKMARK [3][-]{subsubsection.C.4.6}{\376\377\000N\000u\000m\000b\000e\000r\000\040\000o\000f\000\040\000T\000r\000a\000d\000e\000s}{subsection.C.4}% 114
\BOOKMARK [2][-]{subsection.C.5}{\376\377\000D\000y\000n\000a\000m\000i\000c\000\040\000M\000e\000t\000r\000i\000c\000s}{appendix.C}% 115
\BOOKMARK [3][-]{subsubsection.C.5.1}{\376\377\000P\000r\000i\000c\000e\000\040\000A\000u\000t\000o\000c\000o\000r\000r\000e\000l\000a\000t\000i\000o\000n}{subsection.C.5}% 116
\BOOKMARK [3][-]{subsubsection.C.5.2}{\376\377\000G\000o\000d\000e\000-\000S\000u\000n\000d\000e\000r\000\040\000C\000o\000n\000v\000e\000r\000g\000e\000n\000c\000e\000\040\000C\000o\000e\000f\000f\000i\000c\000i\000e\000n\000t}{subsection.C.5}% 117
\BOOKMARK [3][-]{subsubsection.C.5.3}{\376\377\000C\000o\000n\000v\000e\000r\000g\000e\000n\000c\000e\000\040\000T\000i\000m\000e}{subsection.C.5}% 118
\BOOKMARK [3][-]{subsubsection.C.5.4}{\376\377\000T\000i\000m\000e\000\040\000o\000f\000\040\000L\000a\000s\000t\000\040\000T\000r\000a\000n\000s\000a\000c\000t\000i\000o\000n}{subsection.C.5}% 119
\BOOKMARK [3][-]{subsubsection.C.5.5}{\376\377\000R\000a\000n\000k\000\040\000C\000o\000r\000r\000e\000l\000a\000t\000i\000o\000n\000\040\000o\000f\000\040\000E\000f\000f\000i\000c\000i\000e\000n\000t\000\040\000O\000r\000d\000e\000r}{subsection.C.5}% 120
\BOOKMARK [2][-]{subsection.C.6}{\376\377\000E\000v\000o\000l\000u\000t\000i\000o\000n\000a\000r\000y\000\040\000M\000e\000t\000r\000i\000c\000s}{appendix.C}% 121
\BOOKMARK [3][-]{subsubsection.C.6.1}{\376\377\000C\000a\000p\000i\000t\000a\000l\000\040\000S\000t\000o\000c\000k\000\040\000E\000v\000o\000l\000u\000t\000i\000o\000n}{subsection.C.6}% 122
\BOOKMARK [3][-]{subsubsection.C.6.2}{\376\377\000G\000e\000n\000e\000r\000a\000t\000i\000o\000n\000s\000\040\000t\000o\000\040\000C\000o\000n\000v\000e\000r\000g\000e\000n\000c\000e}{subsection.C.6}% 123
\BOOKMARK [2][-]{subsection.C.7}{\376\377\000M\000i\000c\000r\000o\000s\000t\000r\000u\000c\000t\000u\000r\000e\000\040\000M\000e\000t\000r\000i\000c\000s}{appendix.C}% 124
\BOOKMARK [3][-]{subsubsection.C.7.1}{\376\377\000I\000n\000i\000t\000i\000a\000t\000o\000r\000\040\000P\000r\000i\000c\000e\000\040\000B\000i\000a\000s}{subsection.C.7}% 125
\BOOKMARK [3][-]{subsubsection.C.7.2}{\376\377\000Z\000I\000P\000\040\000M\000a\000r\000g\000i\000n\000\040\000A\000d\000j\000u\000s\000t\000m\000e\000n\000t}{subsection.C.7}% 126
