=== CONFIG SETTINGS ===
{'buyer_valuation_max': 1.0,
 'buyer_valuation_min': 0.3,
 'buyers': [{'type': 'zic'}, {'type': 'zic'}, {'type': 'zic'}, {'type': 'zic'}],
 'experiment_dir': 'experiments',
 'experiment_name': '001_zic_only_gode_sunder',
 'num_periods': 4,
 'num_rounds': 4,
 'num_steps': 50,
 'num_tokens': 4,
 'seller_cost_max': 0.7,
 'seller_cost_min': 0.0,
 'sellers': [{'type': 'zic'},
             {'type': 'zic'},
             {'type': 'zic'},
             {'type': 'gdseller'}]}


Saved round stats to experiments/001_zic_only_gode_sunder/round_log.csv
Saved step-by-step logs to experiments/001_zic_only_gode_sunder/log.csv

=== STEP LOGS FOR ROUND=0 ===
+----+-------+--------+------+--------------------------+--------------------------+------+------+-------+-------+--------------------------+--------------------------+
|    | round | period | step |           bids           |           asks           | cbid | cask | trade | price |         bprofits         |         sprofits         |
+----+-------+--------+------+--------------------------+--------------------------+------+------+-------+-------+--------------------------+--------------------------+
| 0  |   0   |   0    |  0   | [0.05, 0.15, 0.81, 0.08] | [0.39, 0.42, 0.66, 0.43] | nan  | nan  |   1   |  0.6  |  [0.0, 0.0, 0.39, 0.0]   |  [0.55, 0.0, 0.0, 0.0]   |
| 1  |   0   |   0    |  1   | [0.28, 0.2, 0.24, 0.15]  | [0.75, 0.71, 0.87, 0.99] | 0.28 | 0.71 |   0   |  nan  |  [0.0, 0.0, 0.39, 0.0]   |  [0.55, 0.0, 0.0, 0.0]   |
| 2  |   0   |   0    |  2   | [0.44, 0.53, 0.48, 0.57] | [0.88, 0.98, 0.97, 0.96] | nan  | nan  |   1   | 0.72  |  [0.0, 0.0, 0.39, 0.22]  |  [1.03, 0.0, 0.0, 0.0]   |
| 3  |   0   |   0    |  3   | [0.57, 0.78, 0.66, 0.59] | [0.5, 0.92, 0.88, 0.96]  | nan  | nan  |   1   | 0.64  | [0.0, 0.24, 0.39, 0.22]  |  [1.39, 0.0, 0.0, 0.0]   |
| 4  |   0   |   0    |  4   | [0.04, 0.08, 0.69, 0.78] |  [0.8, 0.92, 0.48, 0.5]  | nan  | nan  |   1   | 0.63  | [0.0, 0.24, 0.39, 0.46]  |  [1.39, 0.0, 0.31, 0.0]  |
| 5  |   0   |   0    |  5   | [0.37, 0.11, 0.27, 0.18] | [0.85, 0.73, 0.87, 0.98] | nan  | nan  |   1   | 0.55  | [0.18, 0.24, 0.39, 0.46] | [1.39, 0.27, 0.31, 0.0]  |
| 6  |   0   |   0    |  6   | [0.4, 0.17, 0.07, 0.45]  | [0.51, 0.92, 0.85, 0.77] | 0.45 | 0.51 |   0   |  nan  | [0.18, 0.24, 0.39, 0.46] | [1.39, 0.27, 0.31, 0.0]  |
| 7  |   0   |   0    |  7   | [0.49, 0.02, 0.35, 0.36] | [0.65, 0.81, 0.5, 0.64]  | nan  | nan  |   1   | 0.49  | [0.4, 0.24, 0.39, 0.46]  | [1.39, 0.27, 0.38, 0.0]  |
| 8  |   0   |   0    |  8   | [0.11, 0.36, 0.6, 0.08]  | [0.56, 0.89, 0.62, 0.99] | nan  | nan  |   1   | 0.58  | [0.4, 0.24, 0.76, 0.46]  | [1.48, 0.27, 0.38, 0.0]  |
| 9  |   0   |   0    |  9   | [0.11, 0.21, 0.36, 0.09] | [None, 0.76, 0.84, 0.74] | 0.36 | 0.74 |   0   |  nan  | [0.4, 0.24, 0.76, 0.46]  | [1.48, 0.27, 0.38, 0.0]  |
| 10 |   0   |   0    |  10  | [0.25, 0.74, 0.14, 0.01] | [None, 0.93, 0.68, 0.86] | nan  | nan  |   1   | 0.71  | [0.4, 0.38, 0.76, 0.46]  | [1.48, 0.27, 0.51, 0.0]  |
| 11 |   0   |   0    |  11  | [0.16, 0.48, 0.35, 0.44] | [None, 0.66, 0.8, 0.99]  | 0.48 | 0.66 |   0   |  nan  | [0.4, 0.38, 0.76, 0.46]  | [1.48, 0.27, 0.51, 0.0]  |
| 12 |   0   |   0    |  12  | [0.64, 0.53, 0.4, 0.51]  | [None, 0.86, 0.82, 0.27] | nan  | nan  |   1   | 0.46  | [0.62, 0.38, 0.76, 0.46] | [1.48, 0.27, 0.51, 0.24] |
| 13 |   0   |   0    |  13  | [0.33, 0.32, 0.13, 0.13] | [None, 0.48, 0.76, 0.62] | 0.33 | 0.48 |   0   |  nan  | [0.62, 0.38, 0.76, 0.46] | [1.48, 0.27, 0.51, 0.24] |
| 14 |   0   |   0    |  14  | [0.33, 0.02, 0.27, 0.21] | [None, 0.57, 0.71, 0.66] | 0.33 | 0.57 |   0   |  nan  | [0.62, 0.38, 0.76, 0.46] | [1.48, 0.27, 0.51, 0.24] |
| 15 |   0   |   0    |  15  | [0.01, 0.06, 0.17, 0.56] | [None, 0.89, 0.91, 0.85] | 0.56 | 0.85 |   0   |  nan  | [0.62, 0.38, 0.76, 0.46] | [1.48, 0.27, 0.51, 0.24] |
| 16 |   0   |   0    |  16  | [0.51, 0.1, 0.15, 0.73]  | [None, 0.88, 0.77, 0.66] | nan  | nan  |   1   |  0.7  | [0.62, 0.38, 0.76, 0.52] | [1.48, 0.27, 0.51, 0.46] |
| 17 |   0   |   0    |  17  | [0.25, 0.38, 0.03, 0.09] | [None, 0.52, 0.97, 0.89] | 0.38 | 0.52 |   0   |  nan  | [0.62, 0.38, 0.76, 0.52] | [1.48, 0.27, 0.51, 0.46] |
| 18 |   0   |   0    |  18  | [0.39, 0.15, 0.47, 0.11] | [None, 0.63, 0.89, 0.66] | 0.47 | 0.63 |   0   |  nan  | [0.62, 0.38, 0.76, 0.52] | [1.48, 0.27, 0.51, 0.46] |
| 19 |   0   |   0    |  19  | [0.21, 0.44, 0.46, 0.02] | [None, 0.73, 0.69, 0.64] | 0.46 | 0.64 |   0   |  nan  | [0.62, 0.38, 0.76, 0.52] | [1.48, 0.27, 0.51, 0.46] |
| 20 |   0   |   0    |  20  | [0.27, 0.09, 0.38, 0.25] | [None, 0.53, 0.7, 0.72]  | 0.38 | 0.53 |   0   |  nan  | [0.62, 0.38, 0.76, 0.52] | [1.48, 0.27, 0.51, 0.46] |
| 21 |   0   |   0    |  21  |  [0.18, 0.13, 0.0, 0.3]  | [None, 0.72, 0.85, 0.65] | 0.3  | 0.65 |   0   |  nan  | [0.62, 0.38, 0.76, 0.52] | [1.48, 0.27, 0.51, 0.46] |
| 22 |   0   |   0    |  22  | [0.49, 0.33, 0.44, 0.13] | [None, 0.69, 0.8, 0.67]  | 0.49 | 0.67 |   0   |  nan  | [0.62, 0.38, 0.76, 0.52] | [1.48, 0.27, 0.51, 0.46] |
| 23 |   0   |   0    |  23  | [0.04, 0.39, 0.15, 0.07] | [None, 0.53, 0.78, 1.0]  | 0.39 | 0.53 |   0   |  nan  | [0.62, 0.38, 0.76, 0.52] | [1.48, 0.27, 0.51, 0.46] |
| 24 |   0   |   0    |  24  | [0.18, 0.28, 0.43, 0.14] | [None, 0.61, 0.84, 0.59] | 0.43 | 0.59 |   0   |  nan  | [0.62, 0.38, 0.76, 0.52] | [1.48, 0.27, 0.51, 0.46] |
| 25 |   0   |   0    |  25  | [0.48, 0.45, 0.42, 0.25] | [None, 0.75, 0.86, 0.76] | 0.48 | 0.75 |   0   |  nan  | [0.62, 0.38, 0.76, 0.52] | [1.48, 0.27, 0.51, 0.46] |
| 26 |   0   |   0    |  26  | [0.31, 0.12, 0.13, 0.11] | [None, 0.7, 0.71, 0.68]  | 0.31 | 0.68 |   0   |  nan  | [0.62, 0.38, 0.76, 0.52] | [1.48, 0.27, 0.51, 0.46] |
| 27 |   0   |   0    |  27  | [0.41, 0.13, 0.45, 0.22] | [None, 0.87, 0.8, 0.62]  | 0.45 | 0.62 |   0   |  nan  | [0.62, 0.38, 0.76, 0.52] | [1.48, 0.27, 0.51, 0.46] |
| 28 |   0   |   0    |  28  | [0.3, 0.41, 0.04, 0.17]  | [None, 0.91, 0.83, 0.97] | 0.41 | 0.83 |   0   |  nan  | [0.62, 0.38, 0.76, 0.52] | [1.48, 0.27, 0.51, 0.46] |
| 29 |   0   |   0    |  29  | [0.4, 0.03, 0.12, 0.27]  | [None, 0.94, 0.75, 0.73] | 0.4  | 0.73 |   0   |  nan  | [0.62, 0.38, 0.76, 0.52] | [1.48, 0.27, 0.51, 0.46] |
| 30 |   0   |   0    |  30  | [0.2, 0.39, 0.21, 0.24]  | [None, 0.6, 0.76, 0.58]  | 0.39 | 0.58 |   0   |  nan  | [0.62, 0.38, 0.76, 0.52] | [1.48, 0.27, 0.51, 0.46] |
| 31 |   0   |   0    |  31  | [0.03, 0.1, 0.39, 0.12]  | [None, 0.52, 0.78, 0.59] | 0.39 | 0.52 |   0   |  nan  | [0.62, 0.38, 0.76, 0.52] | [1.48, 0.27, 0.51, 0.46] |
| 32 |   0   |   0    |  32  | [0.24, 0.08, 0.18, 0.26] | [None, 0.47, 0.94, 0.92] | 0.26 | 0.47 |   0   |  nan  | [0.62, 0.38, 0.76, 0.52] | [1.48, 0.27, 0.51, 0.46] |
| 33 |   0   |   0    |  33  | [0.41, 0.31, 0.38, 0.35] | [None, 0.91, 0.68, 0.89] | 0.41 | 0.68 |   0   |  nan  | [0.62, 0.38, 0.76, 0.52] | [1.48, 0.27, 0.51, 0.46] |
| 34 |   0   |   0    |  34  | [0.14, 0.53, 0.23, 0.37] | [None, 0.67, 0.78, 0.58] | 0.53 | 0.58 |   0   |  nan  | [0.62, 0.38, 0.76, 0.52] | [1.48, 0.27, 0.51, 0.46] |
| 35 |   0   |   0    |  35  | [0.27, 0.49, 0.31, 0.36] | [None, 0.65, 0.95, 0.86] | 0.49 | 0.65 |   0   |  nan  | [0.62, 0.38, 0.76, 0.52] | [1.48, 0.27, 0.51, 0.46] |
| 36 |   0   |   0    |  36  | [0.26, 0.09, 0.35, 0.24] | [None, 0.52, 0.68, 0.73] | 0.35 | 0.52 |   0   |  nan  | [0.62, 0.38, 0.76, 0.52] | [1.48, 0.27, 0.51, 0.46] |
| 37 |   0   |   0    |  37  | [0.42, 0.23, 0.02, 0.29] | [None, 0.59, 0.94, 0.63] | 0.42 | 0.59 |   0   |  nan  | [0.62, 0.38, 0.76, 0.52] | [1.48, 0.27, 0.51, 0.46] |
| 38 |   0   |   0    |  38  | [0.35, 0.49, 0.04, 0.15] | [None, 0.68, 0.98, 0.91] | 0.49 | 0.68 |   0   |  nan  | [0.62, 0.38, 0.76, 0.52] | [1.48, 0.27, 0.51, 0.46] |
| 39 |   0   |   0    |  39  |  [0.37, 0.5, 0.35, 0.3]  | [None, 0.94, 0.92, 0.77] | 0.5  | 0.77 |   0   |  nan  | [0.62, 0.38, 0.76, 0.52] | [1.48, 0.27, 0.51, 0.46] |
| 40 |   0   |   0    |  40  | [0.35, 0.25, 0.32, 0.13] | [None, 0.98, 0.85, 0.81] | 0.35 | 0.81 |   0   |  nan  | [0.62, 0.38, 0.76, 0.52] | [1.48, 0.27, 0.51, 0.46] |
| 41 |   0   |   0    |  41  | [0.5, 0.38, 0.39, 0.37]  | [None, 0.91, 0.95, 0.58] | 0.5  | 0.58 |   0   |  nan  | [0.62, 0.38, 0.76, 0.52] | [1.48, 0.27, 0.51, 0.46] |
| 42 |   0   |   0    |  42  | [0.2, 0.14, 0.45, 0.19]  | [None, 0.49, 0.85, 0.96] | 0.45 | 0.49 |   0   |  nan  | [0.62, 0.38, 0.76, 0.52] | [1.48, 0.27, 0.51, 0.46] |
| 43 |   0   |   0    |  43  | [0.42, 0.45, 0.05, 0.17] | [None, 0.97, 0.79, 0.78] | 0.45 | 0.78 |   0   |  nan  | [0.62, 0.38, 0.76, 0.52] | [1.48, 0.27, 0.51, 0.46] |
| 44 |   0   |   0    |  44  | [0.22, 0.5, 0.31, 0.13]  | [None, 0.5, 0.85, 0.59]  | nan  | nan  |   1   |  0.5  | [0.62, 0.45, 0.76, 0.52] | [1.48, 0.3, 0.51, 0.46]  |
| 45 |   0   |   0    |  45  | [0.12, 0.21, 0.24, 0.26] | [None, 0.92, 0.9, 0.72]  | 0.26 | 0.72 |   0   |  nan  | [0.62, 0.45, 0.76, 0.52] | [1.48, 0.3, 0.51, 0.46]  |
| 46 |   0   |   0    |  46  | [0.08, 0.39, 0.15, 0.34] | [None, 0.64, 0.96, 0.84] | 0.39 | 0.64 |   0   |  nan  | [0.62, 0.45, 0.76, 0.52] | [1.48, 0.3, 0.51, 0.46]  |
| 47 |   0   |   0    |  47  | [0.04, 0.26, 0.01, 0.17] | [None, 0.75, 0.97, 0.87] | 0.26 | 0.75 |   0   |  nan  | [0.62, 0.45, 0.76, 0.52] | [1.48, 0.3, 0.51, 0.46]  |
| 48 |   0   |   0    |  48  | [0.18, 0.1, 0.43, 0.09]  | [None, 0.6, 0.76, 0.59]  | 0.43 | 0.59 |   0   |  nan  | [0.62, 0.45, 0.76, 0.52] | [1.48, 0.3, 0.51, 0.46]  |
| 49 |   0   |   0    |  49  | [0.17, 0.31, 0.06, 0.07] | [None, 0.62, 0.88, 0.96] | 0.31 | 0.62 |   0   |  nan  | [0.62, 0.45, 0.76, 0.52] | [1.48, 0.3, 0.51, 0.46]  |
+----+-------+--------+------+--------------------------+--------------------------+------+------+-------+-------+--------------------------+--------------------------+

=== INDIVIDUAL BOT PERFORMANCE (ACROSS ALL ROUNDS) ===
+--------+---------------+---------+------------+-----------+-----------+--------------+-----------+
|  Role  |   Strategy    | BotName | MeanProfit | StdProfit | MinProfit | MedianProfit | MaxProfit |
+--------+---------------+---------+------------+-----------+-----------+--------------+-----------+
| buyer  | random-buyer  |   B0    |   0.8148   |  0.2527   |  0.5148   |    0.8272    |  1.0900   |
| buyer  | random-buyer  |   B1    |   0.6117   |  0.1734   |  0.4400   |    0.5822    |  0.8424   |
| buyer  | random-buyer  |   B2    |   0.6195   |  0.3155   |  0.0791   |    0.7609    |  0.8768   |
| buyer  | random-buyer  |   B3    |   0.7637   |  0.3471   |  0.3265   |    0.7958    |  1.1366   |
| seller | random-seller |   S0    |   0.8366   |  0.5335   |  0.3097   |    0.7774    |  1.4820   |
| seller | random-seller |   S1    |   0.5680   |  0.2039   |  0.3029   |    0.5535    |  0.8620   |
| seller | random-seller |   S2    |   0.7303   |  0.1363   |  0.5085   |    0.7663    |  0.8803   |
| seller |   gd-seller   |   S3    |   0.8040   |  0.3631   |  0.4511   |    0.7371    |  1.2907   |
+--------+---------------+---------+------------+-----------+-----------+--------------+-----------+

=== MARKET PERFORMANCE (AGGREGATE) ===
+-----------------+----------------+---------------+----------------+--------------+--------------+
| MarketEff(Mean) | MarketEff(Std) | BuyerSurplus% | SellerSurplus% | AvgPriceDiff | AvgQuantDiff |
+-----------------+----------------+---------------+----------------+--------------+--------------+
|     0.9910      |     0.0121     |    48.50%     |     51.50%     |    0.0151    |    0.2500    |
+-----------------+----------------+---------------+----------------+--------------+--------------+
Saved single game-level summary to experiments/001_zic_only_gode_sunder/game_summary.png
