=== CONFIG SETTINGS ===
{'buyer_valuation_max': 1.0,
 'buyer_valuation_min': 0.0,
 'buyers': [{'type': 'zi'},
            {'type': 'zi'},
            {'type': 'zi'},
            {'type': 'zi'},
            {'type': 'zi'}],
 'experiment_dir': 'experiments',
 'experiment_name': '001_zi_only',
 'num_periods': 5,
 'num_rounds': 25,
 'num_steps': 50,
 'num_tokens': 5,
 'seller_cost_max': 1.0,
 'seller_cost_min': 0.0,
 'sellers': [{'type': 'zi'},
             {'type': 'zi'},
             {'type': 'zi'},
             {'type': 'zi'},
             {'type': 'zi'}]}


Saved round stats to experiments/001_zi_only/round_log.csv
Saved step-by-step logs to experiments/001_zi_only/log.csv

=== STEP LOGS FOR ROUND=0 ===
+----+-------+--------+------+--------------------------------+--------------------------------+------+------+-------+-------+---------------------------------+-----------------------------------+
|    | round | period | step |              bids              |              asks              | cbid | cask | trade | price |            bprofits             |             sprofits              |
+----+-------+--------+------+--------------------------------+--------------------------------+------+------+-------+-------+---------------------------------+-----------------------------------+
| 0  |   0   |   0    |  0   | [0.22, 0.19, 0.28, 0.03, 0.39] |  [0.53, 0.43, 0.2, 0.2, 0.17]  |      |      |   1   | 0.28  |   [0.0, 0.0, 0.0, 0.0, 0.55]    |    [0.0, 0.0, 0.0, 0.0, 0.08]     |
| 1  |   0   |   0    |  1   | [0.04, 0.79, 0.01, 0.03, 0.68] | [0.27, 0.25, 0.44, 0.88, 0.14] |      |      |   1   | 0.47  |   [0.0, 0.45, 0.0, 0.0, 0.55]   |    [0.0, 0.0, 0.0, 0.0, 0.27]     |
| 2  |   0   |   0    |  2   |  [0.58, 0.85, 0.0, 0.45, 0.9]  | [0.9, 0.09, 0.42, 0.33, 0.52]  |      |      |   1   | 0.49  |   [0.0, 0.45, 0.0, 0.0, 0.86]   |    [0.0, 0.29, 0.0, 0.0, 0.27]    |
| 3  |   0   |   0    |  3   | [0.76, 0.24, 0.33, 0.77, 0.71] | [0.35, 0.27, 0.23, 0.57, 0.74] |      |      |   1   |  0.5  |  [0.0, 0.45, 0.0, 0.32, 0.86]   |   [0.0, 0.29, 0.46, 0.0, 0.27]    |
| 4  |   0   |   0    |  4   | [0.71, 0.44, 0.63, 0.26, 0.25] | [0.29, 0.43, 0.02, 0.31, 0.65] |      |      |   1   | 0.36  |  [0.26, 0.45, 0.0, 0.32, 0.86]  |   [0.0, 0.29, 0.75, 0.0, 0.27]    |
| 5  |   0   |   0    |  5   | [0.35, 0.6, 0.49, 0.03, 0.32]  | [0.39, 0.18, 0.19, 0.78, 0.92] |      |      |   1   | 0.39  |  [0.26, 0.89, 0.0, 0.32, 0.86]  |   [0.0, 0.41, 0.75, 0.0, 0.27]    |
| 6  |   0   |   0    |  6   | [0.11, 0.07, 0.89, 0.42, 0.83] |  [0.0, 0.6, 0.67, 0.23, 0.97]  |      |      |   1   | 0.45  | [0.26, 0.89, 0.54, 0.32, 0.86]  |   [0.14, 0.41, 0.75, 0.0, 0.27]   |
| 7  |   0   |   0    |  7   | [0.76, 0.83, 0.95, 0.69, 0.52] | [0.85, 0.98, 0.22, 0.77, 0.72] |      |      |   1   | 0.58  | [0.26, 0.89, 0.87, 0.32, 0.86]  |   [0.14, 0.41, 0.8, 0.0, 0.27]    |
| 8  |   0   |   0    |  8   | [0.01, 0.07, 0.15, 0.02, 0.1]  | [0.29, 0.06, 0.37, 0.73, 0.19] |      |      |   1   |  0.1  | [0.26, 0.89, 1.43, 0.32, 0.86]  |   [0.14, 0.06, 0.8, 0.0, 0.27]    |
| 9  |   0   |   0    |  9   | [0.02, 0.57, 0.33, 0.98, 0.64] | [0.25, 0.01, 0.79, 0.55, 0.53] |      |      |   1   | 0.49  | [0.26, 0.89, 1.43, 0.53, 0.86]  |   [0.14, -0.14, 0.8, 0.0, 0.27]   |
| 10 |   0   |   0    |  10  | [0.64, 0.46, 0.25, 0.95, 0.08] | [0.81, 0.4, 0.59, 0.01, 0.46]  |      |      |   1   | 0.48  | [0.26, 0.89, 1.43, 0.45, 0.86]  |  [0.14, -0.14, 0.8, 0.07, 0.27]   |
| 11 |   0   |   0    |  11  | [0.51, 0.96, 0.64, 0.29, 0.93] | [0.76, 0.39, 0.65, 0.29, 0.43] |      |      |   1   | 0.62  | [0.26, 1.06, 1.43, 0.45, 0.86]  |  [0.14, -0.14, 0.8, 0.07, 0.27]   |
| 12 |   0   |   0    |  12  | [0.62, 0.95, 0.57, 0.29, 0.71] | [0.16, 0.66, 0.64, 0.22, 0.06] |      |      |   1   | 0.51  | [0.26, 0.93, 1.43, 0.45, 0.86]  |  [0.14, -0.14, 0.8, 0.07, 0.33]   |
| 13 |   0   |   0    |  13  | [0.51, 0.83, 0.99, 0.07, 0.06] | [0.52, 0.09, 0.76, 0.78, 0.92] |      |      |   1   | 0.54  |  [0.26, 0.93, 1.1, 0.45, 0.86]  |  [0.14, -0.52, 0.8, 0.07, 0.33]   |
| 14 |   0   |   0    |  14  | [0.69, 0.49, 0.64, 0.94, 0.51] | [0.16, None, 0.02, 0.49, 0.25] |      |      |   1   | 0.48  |  [0.26, 0.93, 1.1, 0.32, 0.86]  |  [0.14, -0.52, 0.71, 0.07, 0.33]  |
| 15 |   0   |   0    |  15  | [0.7, 0.53, 0.73, 0.04, 0.47]  | [0.98, None, 0.65, 0.95, 0.32] |      |      |   1   | 0.53  | [0.26, 0.93, 0.68, 0.32, 0.86]  |  [0.14, -0.52, 0.71, 0.07, 0.06]  |
| 16 |   0   |   0    |  16  | [0.06, 0.56, None, 0.49, 0.89] | [0.92, None, 0.1, 0.14, 0.38]  |      |      |   1   | 0.49  | [0.26, 0.93, 0.68, 0.32, 1.17]  |  [0.14, -0.52, 0.58, 0.07, 0.06]  |
| 17 |   0   |   0    |  17  | [0.23, 0.03, None, 0.58, 0.82] | [0.92, None, None, 0.69, 0.12] |      |      |   1   | 0.47  | [0.26, 0.93, 0.68, 0.32, 1.37]  | [0.14, -0.52, 0.58, 0.07, -0.39]  |
| 18 |   0   |   0    |  18  | [0.95, 0.31, None, 0.1, 0.98]  | [0.7, None, None, 0.63, None]  |      |      |   1   |  0.8  | [0.26, 0.93, 0.68, 0.32, 0.97]  | [0.14, -0.52, 0.58, 0.24, -0.39]  |
| 19 |   0   |   0    |  19  | [0.69, 0.59, None, 0.72, None] | [0.25, None, None, 0.54, None] |      |      |   1   | 0.48  | [0.26, 0.93, 0.68, -0.1, 0.97]  | [0.16, -0.52, 0.58, 0.24, -0.39]  |
| 20 |   0   |   0    |  20  | [0.38, 0.17, None, None, None] | [0.79, None, None, 0.94, None] |      |      |   1   | 0.58  | [0.26, 0.93, 0.68, -0.1, 0.97]  | [0.14, -0.52, 0.58, 0.24, -0.39]  |
| 21 |   0   |   0    |  21  | [0.88, 0.9, None, None, None]  | [0.44, None, None, 0.01, None] |      |      |   1   | 0.46  | [0.26, 0.78, 0.68, -0.1, 0.97]  | [0.14, -0.52, 0.58, 0.04, -0.39]  |
| 22 |   0   |   0    |  22  | [0.88, None, None, None, None] | [0.75, None, None, 0.39, None] |      |      |   1   | 0.64  | [0.16, 0.78, 0.68, -0.1, 0.97]  | [0.14, -0.52, 0.58, 0.01, -0.39]  |
| 23 |   0   |   0    |  23  | [0.93, None, None, None, None] | [0.7, None, None, None, None]  |      |      |   1   | 0.81  | [-0.29, 0.78, 0.68, -0.1, 0.97] | [0.16, -0.52, 0.58, 0.01, -0.39]  |
| 24 |   0   |   0    |  24  | [0.55, None, None, None, None] | [0.74, None, None, None, None] |      |      |   1   | 0.65  | [-0.77, 0.78, 0.68, -0.1, 0.97] | [-0.15, -0.52, 0.58, 0.01, -0.39] |
| 25 |   0   |   0    |  25  | [None, None, None, None, None] | [None, None, None, None, None] |      |      |   0   |  nan  | [-0.77, 0.78, 0.68, -0.1, 0.97] | [-0.15, -0.52, 0.58, 0.01, -0.39] |
| 26 |   0   |   0    |  26  | [None, None, None, None, None] | [None, None, None, None, None] |      |      |   0   |  nan  | [-0.77, 0.78, 0.68, -0.1, 0.97] | [-0.15, -0.52, 0.58, 0.01, -0.39] |
| 27 |   0   |   0    |  27  | [None, None, None, None, None] | [None, None, None, None, None] |      |      |   0   |  nan  | [-0.77, 0.78, 0.68, -0.1, 0.97] | [-0.15, -0.52, 0.58, 0.01, -0.39] |
| 28 |   0   |   0    |  28  | [None, None, None, None, None] | [None, None, None, None, None] |      |      |   0   |  nan  | [-0.77, 0.78, 0.68, -0.1, 0.97] | [-0.15, -0.52, 0.58, 0.01, -0.39] |
| 29 |   0   |   0    |  29  | [None, None, None, None, None] | [None, None, None, None, None] |      |      |   0   |  nan  | [-0.77, 0.78, 0.68, -0.1, 0.97] | [-0.15, -0.52, 0.58, 0.01, -0.39] |
| 30 |   0   |   0    |  30  | [None, None, None, None, None] | [None, None, None, None, None] |      |      |   0   |  nan  | [-0.77, 0.78, 0.68, -0.1, 0.97] | [-0.15, -0.52, 0.58, 0.01, -0.39] |
| 31 |   0   |   0    |  31  | [None, None, None, None, None] | [None, None, None, None, None] |      |      |   0   |  nan  | [-0.77, 0.78, 0.68, -0.1, 0.97] | [-0.15, -0.52, 0.58, 0.01, -0.39] |
| 32 |   0   |   0    |  32  | [None, None, None, None, None] | [None, None, None, None, None] |      |      |   0   |  nan  | [-0.77, 0.78, 0.68, -0.1, 0.97] | [-0.15, -0.52, 0.58, 0.01, -0.39] |
| 33 |   0   |   0    |  33  | [None, None, None, None, None] | [None, None, None, None, None] |      |      |   0   |  nan  | [-0.77, 0.78, 0.68, -0.1, 0.97] | [-0.15, -0.52, 0.58, 0.01, -0.39] |
| 34 |   0   |   0    |  34  | [None, None, None, None, None] | [None, None, None, None, None] |      |      |   0   |  nan  | [-0.77, 0.78, 0.68, -0.1, 0.97] | [-0.15, -0.52, 0.58, 0.01, -0.39] |
| 35 |   0   |   0    |  35  | [None, None, None, None, None] | [None, None, None, None, None] |      |      |   0   |  nan  | [-0.77, 0.78, 0.68, -0.1, 0.97] | [-0.15, -0.52, 0.58, 0.01, -0.39] |
| 36 |   0   |   0    |  36  | [None, None, None, None, None] | [None, None, None, None, None] |      |      |   0   |  nan  | [-0.77, 0.78, 0.68, -0.1, 0.97] | [-0.15, -0.52, 0.58, 0.01, -0.39] |
| 37 |   0   |   0    |  37  | [None, None, None, None, None] | [None, None, None, None, None] |      |      |   0   |  nan  | [-0.77, 0.78, 0.68, -0.1, 0.97] | [-0.15, -0.52, 0.58, 0.01, -0.39] |
| 38 |   0   |   0    |  38  | [None, None, None, None, None] | [None, None, None, None, None] |      |      |   0   |  nan  | [-0.77, 0.78, 0.68, -0.1, 0.97] | [-0.15, -0.52, 0.58, 0.01, -0.39] |
| 39 |   0   |   0    |  39  | [None, None, None, None, None] | [None, None, None, None, None] |      |      |   0   |  nan  | [-0.77, 0.78, 0.68, -0.1, 0.97] | [-0.15, -0.52, 0.58, 0.01, -0.39] |
| 40 |   0   |   0    |  40  | [None, None, None, None, None] | [None, None, None, None, None] |      |      |   0   |  nan  | [-0.77, 0.78, 0.68, -0.1, 0.97] | [-0.15, -0.52, 0.58, 0.01, -0.39] |
| 41 |   0   |   0    |  41  | [None, None, None, None, None] | [None, None, None, None, None] |      |      |   0   |  nan  | [-0.77, 0.78, 0.68, -0.1, 0.97] | [-0.15, -0.52, 0.58, 0.01, -0.39] |
| 42 |   0   |   0    |  42  | [None, None, None, None, None] | [None, None, None, None, None] |      |      |   0   |  nan  | [-0.77, 0.78, 0.68, -0.1, 0.97] | [-0.15, -0.52, 0.58, 0.01, -0.39] |
| 43 |   0   |   0    |  43  | [None, None, None, None, None] | [None, None, None, None, None] |      |      |   0   |  nan  | [-0.77, 0.78, 0.68, -0.1, 0.97] | [-0.15, -0.52, 0.58, 0.01, -0.39] |
| 44 |   0   |   0    |  44  | [None, None, None, None, None] | [None, None, None, None, None] |      |      |   0   |  nan  | [-0.77, 0.78, 0.68, -0.1, 0.97] | [-0.15, -0.52, 0.58, 0.01, -0.39] |
| 45 |   0   |   0    |  45  | [None, None, None, None, None] | [None, None, None, None, None] |      |      |   0   |  nan  | [-0.77, 0.78, 0.68, -0.1, 0.97] | [-0.15, -0.52, 0.58, 0.01, -0.39] |
| 46 |   0   |   0    |  46  | [None, None, None, None, None] | [None, None, None, None, None] |      |      |   0   |  nan  | [-0.77, 0.78, 0.68, -0.1, 0.97] | [-0.15, -0.52, 0.58, 0.01, -0.39] |
| 47 |   0   |   0    |  47  | [None, None, None, None, None] | [None, None, None, None, None] |      |      |   0   |  nan  | [-0.77, 0.78, 0.68, -0.1, 0.97] | [-0.15, -0.52, 0.58, 0.01, -0.39] |
| 48 |   0   |   0    |  48  | [None, None, None, None, None] | [None, None, None, None, None] |      |      |   0   |  nan  | [-0.77, 0.78, 0.68, -0.1, 0.97] | [-0.15, -0.52, 0.58, 0.01, -0.39] |
| 49 |   0   |   0    |  49  | [None, None, None, None, None] | [None, None, None, None, None] |      |      |   0   |  nan  | [-0.77, 0.78, 0.68, -0.1, 0.97] | [-0.15, -0.52, 0.58, 0.01, -0.39] |
+----+-------+--------+------+--------------------------------+--------------------------------+------+------+-------+-------+---------------------------------+-----------------------------------+

=== INDIVIDUAL BOT PERFORMANCE (ACROSS ALL ROUNDS) ===
+--------+-----------+---------+------------+-----------+-----------+--------------+-----------+
|  Role  | Strategy  | BotName | MeanProfit | StdProfit | MinProfit | MedianProfit | MaxProfit |
+--------+-----------+---------+------------+-----------+-----------+--------------+-----------+
| buyer  | zi-buyer  |   B0    |  -0.0946   |  0.7416   |  -1.2169  |   -0.0672    |  1.2586   |
| buyer  | zi-buyer  |   B1    |  -0.3007   |  0.7429   |  -1.6428  |   -0.2725    |  1.5330   |
| buyer  | zi-buyer  |   B2    |  -0.0085   |  0.7348   |  -1.5097  |    0.0830    |  1.5988   |
| buyer  | zi-buyer  |   B3    |   0.1500   |  0.7056   |  -1.1749  |   -0.0892    |  1.4450   |
| buyer  | zi-buyer  |   B4    |  -0.0906   |  0.7797   |  -1.5240  |   -0.1461    |  1.2472   |
| seller | zi-seller |   S0    |   0.3037   |  0.7597   |  -1.0722  |    0.2463    |  1.9575   |
| seller | zi-seller |   S1    |   0.1006   |  0.5826   |  -1.1175  |    0.1892    |  0.9488   |
| seller | zi-seller |   S2    |   0.0742   |  0.6822   |  -1.0645  |    0.2305    |  1.6685   |
| seller | zi-seller |   S3    |  -0.1093   |  0.7707   |  -1.4728  |    0.0118    |  1.5056   |
| seller | zi-seller |   S4    |   0.3258   |  0.6238   |  -0.8921  |    0.4049    |  1.3345   |
+--------+-----------+---------+------------+-----------+-----------+--------------+-----------+

=== MARKET PERFORMANCE (AGGREGATE) ===
+-----------------+----------------+---------------+----------------+--------------+--------------+
| MarketEff(Mean) | MarketEff(Std) | BuyerSurplus% | SellerSurplus% | AvgPriceDiff | AvgQuantDiff |
+-----------------+----------------+---------------+----------------+--------------+--------------+
|     0.0102      |     0.2905     |    123.60%    |    -75.60%     |    0.0686    |   12.3600    |
+-----------------+----------------+---------------+----------------+--------------+--------------+
Saved single game-level summary to experiments/001_zi_only/game_summary.png
