=== CONFIG SETTINGS ===
{'buyer_valuation_max': 1.0,
 'buyer_valuation_min': 0.0,
 'buyers': [{'type': 'zip'},
            {'type': 'zip'},
            {'type': 'zip'},
            {'type': 'zip'},
            {'type': 'zip'}],
 'experiment_dir': 'experiments',
 'experiment_name': '003_zip_only',
 'num_periods': 5,
 'num_rounds': 25,
 'num_steps': 50,
 'num_tokens': 5,
 'seller_cost_max': 1.0,
 'seller_cost_min': 0.0,
 'sellers': [{'type': 'zip'},
             {'type': 'zip'},
             {'type': 'zip'},
             {'type': 'zip'},
             {'type': 'zip'}]}


Saved round stats to experiments/003_zip_only/round_log.csv
Saved step-by-step logs to experiments/003_zip_only/log.csv

=== STEP LOGS FOR ROUND=0 ===
+----+-------+--------+------+--------------------------------+--------------------------------+------+------+-------+-------+--------------------------------+--------------------------------+
|    | round | period | step |              bids              |              asks              | cbid | cask | trade | price |            bprofits            |            sprofits            |
+----+-------+--------+------+--------------------------------+--------------------------------+------+------+-------+-------+--------------------------------+--------------------------------+
| 0  |   0   |   0    |  0   | [0.59, 0.88, 0.94, 0.78, 0.79] | [0.33, 0.21, 0.05, 0.43, 0.21] | nan  | nan  |   1   | 0.49  |   [0.0, 0.0, 0.5, 0.0, 0.0]    |   [0.0, 0.0, 0.45, 0.0, 0.0]   |
| 1  |   0   |   0    |  1   | [0.59, 0.88, 0.88, 0.78, 0.79] | [0.33, 0.21, 0.07, 0.43, 0.21] | nan  | nan  |   1   | 0.47  |   [0.0, 0.45, 0.5, 0.0, 0.0]   |   [0.0, 0.0, 0.85, 0.0, 0.0]   |
| 2  |   0   |   0    |  2   | [0.59, 0.8, 0.88, 0.78, 0.79]  | [0.33, 0.21, 0.53, 0.43, 0.21] | nan  | nan  |   1   | 0.55  |  [0.0, 0.45, 0.86, 0.0, 0.0]   |  [0.0, 0.35, 0.85, 0.0, 0.0]   |
| 3  |   0   |   0    |  3   | [0.59, 0.8, 0.64, 0.78, 0.79]  | [0.33, 0.27, 0.53, 0.43, 0.21] | nan  | nan  |   1   | 0.51  |  [0.0, 0.77, 0.86, 0.0, 0.0]   |  [0.0, 0.35, 0.85, 0.0, 0.31]  |
| 4  |   0   |   0    |  4   | [0.59, 0.77, 0.64, 0.78, 0.79] | [0.33, 0.27, 0.53, 0.43, 0.29] | nan  | nan  |   1   | 0.53  |  [0.0, 0.77, 0.86, 0.0, 0.3]   |  [0.0, 0.61, 0.85, 0.0, 0.31]  |
| 5  |   0   |   0    |  5   | [0.59, 0.77, 0.64, 0.78, 0.77] | [0.33, 0.46, 0.53, 0.43, 0.29] | nan  | nan  |   1   | 0.54  |  [0.0, 0.77, 0.86, 0.28, 0.3]  |  [0.0, 0.61, 0.85, 0.0, 0.57]  |
| 6  |   0   |   0    |  6   | [0.59, 0.77, 0.64, 0.67, 0.77] | [0.33, 0.46, 0.53, 0.43, 0.46] | nan  | nan  |   1   | 0.55  |  [0.0, 1.01, 0.86, 0.28, 0.3]  | [0.24, 0.61, 0.85, 0.0, 0.57]  |
| 7  |   0   |   0    |  7   | [0.59, 0.38, 0.64, 0.67, 0.77] | [0.48, 0.46, 0.53, 0.43, 0.46] | nan  | nan  |   1   |  0.6  |  [0.0, 1.01, 0.86, 0.28, 0.5]  | [0.24, 0.61, 0.85, 0.19, 0.57] |
| 8  |   0   |   0    |  8   | [0.59, 0.38, 0.64, 0.67, 0.78] | [0.48, 0.46, 0.53, 0.65, 0.46] | nan  | nan  |   1   | 0.62  | [0.0, 1.01, 0.86, 0.28, 0.68]  | [0.24, 0.78, 0.85, 0.19, 0.57] |
| 9  |   0   |   0    |  9   | [0.59, 0.38, 0.64, 0.67, 0.64] | [0.48, 0.69, 0.53, 0.65, 0.46] | nan  | nan  |   1   | 0.57  | [0.0, 1.01, 0.86, 0.41, 0.68]  | [0.24, 0.78, 0.85, 0.19, 0.69] |
| 10 |   0   |   0    |  10  | [0.59, 0.38, 0.64, 0.38, 0.64] | [0.48, 0.69, 0.53, 0.65, 0.81] | nan  | nan  |   1   | 0.56  | [0.0, 1.01, 0.96, 0.41, 0.68]  | [0.34, 0.78, 0.85, 0.19, 0.69] |
| 11 |   0   |   0    |  11  | [0.59, 0.38, 0.2, 0.38, 0.64]  | [0.62, 0.69, 0.53, 0.65, 0.81] | nan  | nan  |   1   | 0.58  | [0.0, 1.01, 0.96, 0.41, 0.77]  | [0.34, 0.78, 0.9, 0.19, 0.69]  |
| 12 |   0   |   0    |  12  | [0.59, 0.38, 0.2, 0.38, 0.39]  | [0.62, 0.69, 0.58, 0.65, 0.81] | nan  | nan  |   1   | 0.58  | [0.04, 1.01, 0.96, 0.41, 0.77] | [0.34, 0.78, 0.91, 0.19, 0.69] |
| 13 |   0   |   0    |  13  | [0.55, 0.38, 0.2, 0.38, 0.39]  | [0.62, 0.69, 0.62, 0.65, 0.81] | 0.55 | 0.62 |   0   |  nan  | [0.04, 1.01, 0.96, 0.41, 0.77] | [0.34, 0.78, 0.91, 0.19, 0.69] |
| 14 |   0   |   0    |  14  | [0.55, 0.38, 0.2, 0.38, 0.39]  | [0.62, 0.69, 0.62, 0.65, 0.81] | 0.55 | 0.62 |   0   |  nan  | [0.04, 1.01, 0.96, 0.41, 0.77] | [0.34, 0.78, 0.91, 0.19, 0.69] |
| 15 |   0   |   0    |  15  | [0.55, 0.38, 0.2, 0.38, 0.39]  | [0.62, 0.69, 0.62, 0.65, 0.81] | 0.55 | 0.62 |   0   |  nan  | [0.04, 1.01, 0.96, 0.41, 0.77] | [0.34, 0.78, 0.91, 0.19, 0.69] |
| 16 |   0   |   0    |  16  | [0.55, 0.38, 0.2, 0.38, 0.39]  | [0.62, 0.69, 0.62, 0.65, 0.81] | 0.55 | 0.62 |   0   |  nan  | [0.04, 1.01, 0.96, 0.41, 0.77] | [0.34, 0.78, 0.91, 0.19, 0.69] |
| 17 |   0   |   0    |  17  | [0.55, 0.38, 0.2, 0.38, 0.39]  | [0.62, 0.69, 0.62, 0.65, 0.81] | 0.55 | 0.62 |   0   |  nan  | [0.04, 1.01, 0.96, 0.41, 0.77] | [0.34, 0.78, 0.91, 0.19, 0.69] |
| 18 |   0   |   0    |  18  | [0.55, 0.38, 0.2, 0.38, 0.39]  | [0.62, 0.69, 0.62, 0.65, 0.81] | 0.55 | 0.62 |   0   |  nan  | [0.04, 1.01, 0.96, 0.41, 0.77] | [0.34, 0.78, 0.91, 0.19, 0.69] |
| 19 |   0   |   0    |  19  | [0.55, 0.38, 0.2, 0.38, 0.39]  | [0.62, 0.69, 0.62, 0.65, 0.81] | 0.55 | 0.62 |   0   |  nan  | [0.04, 1.01, 0.96, 0.41, 0.77] | [0.34, 0.78, 0.91, 0.19, 0.69] |
| 20 |   0   |   0    |  20  | [0.55, 0.38, 0.2, 0.38, 0.39]  | [0.62, 0.69, 0.62, 0.65, 0.81] | 0.55 | 0.62 |   0   |  nan  | [0.04, 1.01, 0.96, 0.41, 0.77] | [0.34, 0.78, 0.91, 0.19, 0.69] |
| 21 |   0   |   0    |  21  | [0.55, 0.38, 0.2, 0.38, 0.39]  | [0.62, 0.69, 0.62, 0.65, 0.81] | 0.55 | 0.62 |   0   |  nan  | [0.04, 1.01, 0.96, 0.41, 0.77] | [0.34, 0.78, 0.91, 0.19, 0.69] |
| 22 |   0   |   0    |  22  | [0.55, 0.38, 0.2, 0.38, 0.39]  | [0.62, 0.69, 0.62, 0.65, 0.81] | 0.55 | 0.62 |   0   |  nan  | [0.04, 1.01, 0.96, 0.41, 0.77] | [0.34, 0.78, 0.91, 0.19, 0.69] |
| 23 |   0   |   0    |  23  | [0.55, 0.38, 0.2, 0.38, 0.39]  | [0.62, 0.69, 0.62, 0.65, 0.81] | 0.55 | 0.62 |   0   |  nan  | [0.04, 1.01, 0.96, 0.41, 0.77] | [0.34, 0.78, 0.91, 0.19, 0.69] |
| 24 |   0   |   0    |  24  | [0.55, 0.38, 0.2, 0.38, 0.39]  | [0.62, 0.69, 0.62, 0.65, 0.81] | 0.55 | 0.62 |   0   |  nan  | [0.04, 1.01, 0.96, 0.41, 0.77] | [0.34, 0.78, 0.91, 0.19, 0.69] |
| 25 |   0   |   0    |  25  | [0.55, 0.38, 0.2, 0.38, 0.39]  | [0.62, 0.69, 0.62, 0.65, 0.81] | 0.55 | 0.62 |   0   |  nan  | [0.04, 1.01, 0.96, 0.41, 0.77] | [0.34, 0.78, 0.91, 0.19, 0.69] |
| 26 |   0   |   0    |  26  | [0.55, 0.38, 0.2, 0.38, 0.39]  | [0.62, 0.69, 0.62, 0.65, 0.81] | 0.55 | 0.62 |   0   |  nan  | [0.04, 1.01, 0.96, 0.41, 0.77] | [0.34, 0.78, 0.91, 0.19, 0.69] |
| 27 |   0   |   0    |  27  | [0.55, 0.38, 0.2, 0.38, 0.39]  | [0.62, 0.69, 0.62, 0.65, 0.81] | 0.55 | 0.62 |   0   |  nan  | [0.04, 1.01, 0.96, 0.41, 0.77] | [0.34, 0.78, 0.91, 0.19, 0.69] |
| 28 |   0   |   0    |  28  | [0.55, 0.38, 0.2, 0.38, 0.39]  | [0.62, 0.69, 0.62, 0.65, 0.81] | 0.55 | 0.62 |   0   |  nan  | [0.04, 1.01, 0.96, 0.41, 0.77] | [0.34, 0.78, 0.91, 0.19, 0.69] |
| 29 |   0   |   0    |  29  | [0.55, 0.38, 0.2, 0.38, 0.39]  | [0.62, 0.69, 0.62, 0.65, 0.81] | 0.55 | 0.62 |   0   |  nan  | [0.04, 1.01, 0.96, 0.41, 0.77] | [0.34, 0.78, 0.91, 0.19, 0.69] |
| 30 |   0   |   0    |  30  | [0.55, 0.38, 0.2, 0.38, 0.39]  | [0.62, 0.69, 0.62, 0.65, 0.81] | 0.55 | 0.62 |   0   |  nan  | [0.04, 1.01, 0.96, 0.41, 0.77] | [0.34, 0.78, 0.91, 0.19, 0.69] |
| 31 |   0   |   0    |  31  | [0.55, 0.38, 0.2, 0.38, 0.39]  | [0.62, 0.69, 0.62, 0.65, 0.81] | 0.55 | 0.62 |   0   |  nan  | [0.04, 1.01, 0.96, 0.41, 0.77] | [0.34, 0.78, 0.91, 0.19, 0.69] |
| 32 |   0   |   0    |  32  | [0.55, 0.38, 0.2, 0.38, 0.39]  | [0.62, 0.69, 0.62, 0.65, 0.81] | 0.55 | 0.62 |   0   |  nan  | [0.04, 1.01, 0.96, 0.41, 0.77] | [0.34, 0.78, 0.91, 0.19, 0.69] |
| 33 |   0   |   0    |  33  | [0.55, 0.38, 0.2, 0.38, 0.39]  | [0.62, 0.69, 0.62, 0.65, 0.81] | 0.55 | 0.62 |   0   |  nan  | [0.04, 1.01, 0.96, 0.41, 0.77] | [0.34, 0.78, 0.91, 0.19, 0.69] |
| 34 |   0   |   0    |  34  | [0.55, 0.38, 0.2, 0.38, 0.39]  | [0.62, 0.69, 0.62, 0.65, 0.81] | 0.55 | 0.62 |   0   |  nan  | [0.04, 1.01, 0.96, 0.41, 0.77] | [0.34, 0.78, 0.91, 0.19, 0.69] |
| 35 |   0   |   0    |  35  | [0.55, 0.38, 0.2, 0.38, 0.39]  | [0.62, 0.69, 0.62, 0.65, 0.81] | 0.55 | 0.62 |   0   |  nan  | [0.04, 1.01, 0.96, 0.41, 0.77] | [0.34, 0.78, 0.91, 0.19, 0.69] |
| 36 |   0   |   0    |  36  | [0.55, 0.38, 0.2, 0.38, 0.39]  | [0.62, 0.69, 0.62, 0.65, 0.81] | 0.55 | 0.62 |   0   |  nan  | [0.04, 1.01, 0.96, 0.41, 0.77] | [0.34, 0.78, 0.91, 0.19, 0.69] |
| 37 |   0   |   0    |  37  | [0.55, 0.38, 0.2, 0.38, 0.39]  | [0.62, 0.69, 0.62, 0.65, 0.81] | 0.55 | 0.62 |   0   |  nan  | [0.04, 1.01, 0.96, 0.41, 0.77] | [0.34, 0.78, 0.91, 0.19, 0.69] |
| 38 |   0   |   0    |  38  | [0.55, 0.38, 0.2, 0.38, 0.39]  | [0.62, 0.69, 0.62, 0.65, 0.81] | 0.55 | 0.62 |   0   |  nan  | [0.04, 1.01, 0.96, 0.41, 0.77] | [0.34, 0.78, 0.91, 0.19, 0.69] |
| 39 |   0   |   0    |  39  | [0.55, 0.38, 0.2, 0.38, 0.39]  | [0.62, 0.69, 0.62, 0.65, 0.81] | 0.55 | 0.62 |   0   |  nan  | [0.04, 1.01, 0.96, 0.41, 0.77] | [0.34, 0.78, 0.91, 0.19, 0.69] |
| 40 |   0   |   0    |  40  | [0.55, 0.38, 0.2, 0.38, 0.39]  | [0.62, 0.69, 0.62, 0.65, 0.81] | 0.55 | 0.62 |   0   |  nan  | [0.04, 1.01, 0.96, 0.41, 0.77] | [0.34, 0.78, 0.91, 0.19, 0.69] |
| 41 |   0   |   0    |  41  | [0.55, 0.38, 0.2, 0.38, 0.39]  | [0.62, 0.69, 0.62, 0.65, 0.81] | 0.55 | 0.62 |   0   |  nan  | [0.04, 1.01, 0.96, 0.41, 0.77] | [0.34, 0.78, 0.91, 0.19, 0.69] |
| 42 |   0   |   0    |  42  | [0.55, 0.38, 0.2, 0.38, 0.39]  | [0.62, 0.69, 0.62, 0.65, 0.81] | 0.55 | 0.62 |   0   |  nan  | [0.04, 1.01, 0.96, 0.41, 0.77] | [0.34, 0.78, 0.91, 0.19, 0.69] |
| 43 |   0   |   0    |  43  | [0.55, 0.38, 0.2, 0.38, 0.39]  | [0.62, 0.69, 0.62, 0.65, 0.81] | 0.55 | 0.62 |   0   |  nan  | [0.04, 1.01, 0.96, 0.41, 0.77] | [0.34, 0.78, 0.91, 0.19, 0.69] |
| 44 |   0   |   0    |  44  | [0.55, 0.38, 0.2, 0.38, 0.39]  | [0.62, 0.69, 0.62, 0.65, 0.81] | 0.55 | 0.62 |   0   |  nan  | [0.04, 1.01, 0.96, 0.41, 0.77] | [0.34, 0.78, 0.91, 0.19, 0.69] |
| 45 |   0   |   0    |  45  | [0.55, 0.38, 0.2, 0.38, 0.39]  | [0.62, 0.69, 0.62, 0.65, 0.81] | 0.55 | 0.62 |   0   |  nan  | [0.04, 1.01, 0.96, 0.41, 0.77] | [0.34, 0.78, 0.91, 0.19, 0.69] |
| 46 |   0   |   0    |  46  | [0.55, 0.38, 0.2, 0.38, 0.39]  | [0.62, 0.69, 0.62, 0.65, 0.81] | 0.55 | 0.62 |   0   |  nan  | [0.04, 1.01, 0.96, 0.41, 0.77] | [0.34, 0.78, 0.91, 0.19, 0.69] |
| 47 |   0   |   0    |  47  | [0.55, 0.38, 0.2, 0.38, 0.39]  | [0.62, 0.69, 0.62, 0.65, 0.81] | 0.55 | 0.62 |   0   |  nan  | [0.04, 1.01, 0.96, 0.41, 0.77] | [0.34, 0.78, 0.91, 0.19, 0.69] |
| 48 |   0   |   0    |  48  | [0.55, 0.38, 0.2, 0.38, 0.39]  | [0.62, 0.69, 0.62, 0.65, 0.81] | 0.55 | 0.62 |   0   |  nan  | [0.04, 1.01, 0.96, 0.41, 0.77] | [0.34, 0.78, 0.91, 0.19, 0.69] |
| 49 |   0   |   0    |  49  | [0.55, 0.38, 0.2, 0.38, 0.39]  | [0.62, 0.69, 0.62, 0.65, 0.81] | 0.55 | 0.62 |   0   |  nan  | [0.04, 1.01, 0.96, 0.41, 0.77] | [0.34, 0.78, 0.91, 0.19, 0.69] |
+----+-------+--------+------+--------------------------------+--------------------------------+------+------+-------+-------+--------------------------------+--------------------------------+

=== INDIVIDUAL BOT PERFORMANCE (ACROSS ALL ROUNDS) ===
+--------+------------+---------+------------+-----------+-----------+--------------+-----------+
|  Role  |  Strategy  | BotName | MeanProfit | StdProfit | MinProfit | MedianProfit | MaxProfit |
+--------+------------+---------+------------+-----------+-----------+--------------+-----------+
| buyer  | zip-buyer  |   B0    |   0.5656   |  0.3326   |  0.0378   |    0.4588    |  1.3068   |
| buyer  | zip-buyer  |   B1    |   0.6557   |  0.3122   |  0.0000   |    0.6971    |  1.4315   |
| buyer  | zip-buyer  |   B2    |   0.6727   |  0.3157   |  0.1189   |    0.6617    |  1.3052   |
| buyer  | zip-buyer  |   B3    |   0.8579   |  0.4037   |  0.0983   |    0.7969    |  1.7088   |
| buyer  | zip-buyer  |   B4    |   0.6206   |  0.3636   |  0.0000   |    0.5842    |  1.3273   |
| seller | zip-seller |   S0    |   0.7417   |  0.3782   |  0.1461   |    0.7609    |  1.5589   |
| seller | zip-seller |   S1    |   0.6222   |  0.3056   |  0.0833   |    0.6560    |  1.2345   |
| seller | zip-seller |   S2    |   0.6315   |  0.3403   |  0.0000   |    0.5542    |  1.4123   |
| seller | zip-seller |   S3    |   0.4084   |  0.3096   |  0.0000   |    0.4236    |  1.0515   |
| seller | zip-seller |   S4    |   0.6603   |  0.3463   |  0.1144   |    0.6500    |  1.4316   |
+--------+------------+---------+------------+-----------+-----------+--------------+-----------+

=== MARKET PERFORMANCE (AGGREGATE) ===
+-----------------+----------------+---------------+----------------+--------------+--------------+
| MarketEff(Mean) | MarketEff(Std) | BuyerSurplus% | SellerSurplus% | AvgPriceDiff | AvgQuantDiff |
+-----------------+----------------+---------------+----------------+--------------+--------------+
|     0.9995      |     0.0012     |    52.41%     |     47.59%     |    0.0319    |    0.2400    |
+-----------------+----------------+---------------+----------------+--------------+--------------+
Saved single game-level summary to experiments/003_zip_only/game_summary.png
