=== CONFIG SETTINGS ===
{'buyer_valuation_max': 1.0,
 'buyer_valuation_min': 0.0,
 'buyers': [{'type': 'zic'},
            {'type': 'zic'},
            {'type': 'zic'},
            {'type': 'zic'},
            {'type': 'zic'}],
 'experiment_dir': 'experiments',
 'experiment_name': '002_zic_only',
 'num_periods': 5,
 'num_rounds': 25,
 'num_steps': 50,
 'num_tokens': 5,
 'seller_cost_max': 1.0,
 'seller_cost_min': 0.0,
 'sellers': [{'type': 'zic'},
             {'type': 'zic'},
             {'type': 'zic'},
             {'type': 'zic'},
             {'type': 'zic'}]}


Saved round stats to experiments/002_zic_only/round_log.csv
Saved step-by-step logs to experiments/002_zic_only/log.csv

=== STEP LOGS FOR ROUND=0 ===
+----+-------+--------+------+--------------------------------+--------------------------------+------+------+-------+-------+-------------------------------+-------------------------------+
|    | round | period | step |              bids              |              asks              | cbid | cask | trade | price |           bprofits            |           sprofits            |
+----+-------+--------+------+--------------------------------+--------------------------------+------+------+-------+-------+-------------------------------+-------------------------------+
| 0  |   0   |   0    |  0   | [0.31, 0.43, 0.0, 0.08, 0.55]  | [0.64, 0.53, 0.42, 0.91, 0.58] | nan  | nan  |   1   | 0.48  |  [0.0, 0.0, 0.0, 0.0, 0.35]   |  [0.0, 0.0, 0.44, 0.0, 0.0]   |
| 1  |   0   |   0    |  1   | [0.17, 0.24, 0.93, 0.45, 0.57] | [0.54, 0.61, 0.3, 0.65, 0.87]  | nan  | nan  |   1   | 0.61  |  [0.0, 0.0, 0.38, 0.0, 0.35]  |  [0.0, 0.0, 0.98, 0.0, 0.0]   |
| 2  |   0   |   0    |  2   | [0.14, 0.24, 0.89, 0.77, 0.09] | [0.84, 0.47, 0.88, 0.58, 0.68] | nan  | nan  |   1   | 0.68  |  [0.0, 0.0, 0.61, 0.0, 0.35]  |  [0.0, 0.48, 0.98, 0.0, 0.0]  |
| 3  |   0   |   0    |  3   | [0.12, 0.53, 0.25, 0.71, 0.59] | [0.36, 0.66, 0.61, 0.78, 0.46] | nan  | nan  |   1   | 0.53  | [0.0, 0.0, 0.61, 0.29, 0.35]  | [0.22, 0.48, 0.98, 0.0, 0.0]  |
| 4  |   0   |   0    |  4   | [0.09, 0.89, 0.45, 0.56, 0.56] | [0.53, 0.55, 0.69, 0.75, 0.97] | nan  | nan  |   1   | 0.71  | [0.0, 0.21, 0.61, 0.29, 0.35] | [0.47, 0.48, 0.98, 0.0, 0.0]  |
| 5  |   0   |   0    |  5   | [0.18, 0.65, 0.63, 0.45, 0.25] | [0.73, 0.28, 0.97, 0.8, 0.77]  | nan  | nan  |   1   | 0.47  | [0.0, 0.57, 0.61, 0.29, 0.35] | [0.47, 0.68, 0.98, 0.0, 0.0]  |
| 6  |   0   |   0    |  6   | [0.49, 0.29, 0.54, 0.02, 0.2]  |  [0.62, 0.92, 0.7, 0.62, 0.8]  | 0.54 | 0.62 |   0   |  nan  | [0.0, 0.57, 0.61, 0.29, 0.35] | [0.47, 0.68, 0.98, 0.0, 0.0]  |
| 7  |   0   |   0    |  7   | [0.08, 0.54, 0.1, 0.18, 0.41]  | [0.68, 0.59, 0.68, 0.61, 0.58] | nan  | nan  |   1   | 0.56  | [0.0, 0.8, 0.61, 0.29, 0.35]  | [0.47, 0.68, 0.98, 0.0, 0.36] |
| 8  |   0   |   0    |  8   | [0.38, 0.35, 0.22, 0.14, 0.38] | [0.98, 0.54, 0.75, 0.56, 1.0]  | 0.38 | 0.54 |   0   |  nan  | [0.0, 0.8, 0.61, 0.29, 0.35]  | [0.47, 0.68, 0.98, 0.0, 0.36] |
| 9  |   0   |   0    |  9   | [0.33, 0.05, 0.59, 0.64, 0.78] | [0.69, 0.96, 0.87, 0.74, 0.74] | nan  | nan  |   1   | 0.73  | [0.0, 0.8, 0.61, 0.29, 0.42]  | [0.6, 0.68, 0.98, 0.0, 0.36]  |
| 10 |   0   |   0    |  10  | [0.45, 0.33, 0.36, 0.43, 0.05] | [0.99, 0.68, 0.9, 0.57, 0.37]  | nan  | nan  |   1   | 0.41  | [0.21, 0.8, 0.61, 0.29, 0.42] | [0.6, 0.68, 0.98, 0.0, 0.49]  |
| 11 |   0   |   0    |  11  | [0.07, 0.05, 0.04, 0.39, 0.4]  | [0.95, 0.63, 0.69, 0.55, 0.99] | 0.4  | 0.55 |   0   |  nan  | [0.21, 0.8, 0.61, 0.29, 0.42] | [0.6, 0.68, 0.98, 0.0, 0.49]  |
| 12 |   0   |   0    |  12  |  [0.33, 0.08, 0.6, 0.1, 0.27]  | [0.83, 0.71, 0.63, 0.48, 0.77] | nan  | nan  |   1   | 0.54  | [0.21, 0.8, 0.73, 0.29, 0.42] | [0.6, 0.68, 0.98, 0.13, 0.49] |
| 13 |   0   |   0    |  13  | [0.53, 0.15, 0.19, 0.46, 0.57] | [0.86, 0.98, 0.86, 0.73, 0.79] | 0.57 | 0.73 |   0   |  nan  | [0.21, 0.8, 0.73, 0.29, 0.42] | [0.6, 0.68, 0.98, 0.13, 0.49] |
| 14 |   0   |   0    |  14  | [0.13, 0.32, 0.2, 0.57, 0.27]  | [0.88, 0.96, 0.85, 0.69, 0.96] | 0.57 | 0.69 |   0   |  nan  | [0.21, 0.8, 0.73, 0.29, 0.42] | [0.6, 0.68, 0.98, 0.13, 0.49] |
| 15 |   0   |   0    |  15  | [0.28, 0.02, 0.16, 0.16, 0.76] |  [0.98, 0.64, 0.9, 0.83, 0.6]  | nan  | nan  |   1   | 0.68  | [0.21, 0.8, 0.73, 0.29, 0.54] | [0.6, 0.68, 0.98, 0.13, 0.72] |
| 16 |   0   |   0    |  16  | [0.42, 0.28, 0.12, 0.66, 0.02] | [0.83, 0.96, 0.64, 0.71, 0.83] | nan  | nan  |   1   | 0.65  | [0.21, 0.8, 0.73, 0.34, 0.54] | [0.6, 0.68, 1.1, 0.13, 0.72]  |
| 17 |   0   |   0    |  17  | [0.29, 0.09, 0.01, 0.01, 0.29] | [0.92, 0.46, 0.94, 0.69, 1.0]  | 0.29 | 0.46 |   0   |  nan  | [0.21, 0.8, 0.73, 0.34, 0.54] | [0.6, 0.68, 1.1, 0.13, 0.72]  |
| 18 |   0   |   0    |  18  | [0.52, 0.01, 0.2, 0.14, 0.39]  | [0.87, 0.55, 0.64, 0.95, 0.98] | nan  | nan  |   1   | 0.54  | [0.25, 0.8, 0.73, 0.34, 0.54] | [0.6, 0.77, 1.1, 0.13, 0.72]  |
| 19 |   0   |   0    |  19  | [0.32, 0.34, 0.18, 0.13, 0.0]  |  [0.92, 0.71, 0.8, 0.88, 0.9]  | 0.34 | 0.71 |   0   |  nan  | [0.25, 0.8, 0.73, 0.34, 0.54] | [0.6, 0.77, 1.1, 0.13, 0.72]  |
| 20 |   0   |   0    |  20  | [0.31, 0.22, 0.18, 0.03, 0.36] | [0.87, 0.71, 0.92, 0.9, 0.93]  | 0.36 | 0.71 |   0   |  nan  | [0.25, 0.8, 0.73, 0.34, 0.54] | [0.6, 0.77, 1.1, 0.13, 0.72]  |
| 21 |   0   |   0    |  21  | [0.15, 0.14, 0.1, 0.13, 0.19]  | [0.94, 0.7, 0.59, 0.66, 0.87]  | 0.19 | 0.59 |   0   |  nan  | [0.25, 0.8, 0.73, 0.34, 0.54] | [0.6, 0.77, 1.1, 0.13, 0.72]  |
| 22 |   0   |   0    |  22  |  [0.37, 0.31, 0.1, 0.3, 0.03]  | [0.96, 0.83, 0.65, 0.69, 0.81] | 0.37 | 0.65 |   0   |  nan  | [0.25, 0.8, 0.73, 0.34, 0.54] | [0.6, 0.77, 1.1, 0.13, 0.72]  |
| 23 |   0   |   0    |  23  | [0.18, 0.07, 0.1, 0.39, 0.37]  | [0.81, 0.8, 0.59, 0.74, 0.89]  | 0.39 | 0.59 |   0   |  nan  | [0.25, 0.8, 0.73, 0.34, 0.54] | [0.6, 0.77, 1.1, 0.13, 0.72]  |
| 24 |   0   |   0    |  24  |  [0.05, 0.23, 0.1, 0.32, 0.6]  | [0.88, 0.99, 0.74, 0.79, 0.8]  | 0.6  | 0.74 |   0   |  nan  | [0.25, 0.8, 0.73, 0.34, 0.54] | [0.6, 0.77, 1.1, 0.13, 0.72]  |
| 25 |   0   |   0    |  25  |  [0.3, 0.37, 0.18, 0.1, 0.63]  | [0.97, 0.73, 0.87, 0.93, 0.94] | 0.63 | 0.73 |   0   |  nan  | [0.25, 0.8, 0.73, 0.34, 0.54] | [0.6, 0.77, 1.1, 0.13, 0.72]  |
| 26 |   0   |   0    |  26  | [0.46, 0.14, 0.02, 0.28, 0.14] | [0.82, 0.75, 0.98, 0.68, 0.92] | 0.46 | 0.68 |   0   |  nan  | [0.25, 0.8, 0.73, 0.34, 0.54] | [0.6, 0.77, 1.1, 0.13, 0.72]  |
| 27 |   0   |   0    |  27  | [0.29, 0.17, 0.13, 0.35, 0.24] | [0.91, 0.78, 0.59, 0.75, 0.87] | 0.35 | 0.59 |   0   |  nan  | [0.25, 0.8, 0.73, 0.34, 0.54] | [0.6, 0.77, 1.1, 0.13, 0.72]  |
| 28 |   0   |   0    |  28  |  [0.52, 0.1, 0.06, 0.1, 0.18]  | [0.83, 0.92, 0.93, 0.86, 0.97] | 0.52 | 0.83 |   0   |  nan  | [0.25, 0.8, 0.73, 0.34, 0.54] | [0.6, 0.77, 1.1, 0.13, 0.72]  |
| 29 |   0   |   0    |  29  | [0.03, 0.06, 0.03, 0.3, 0.06]  | [0.91, 0.8, 0.87, 0.66, 0.81]  | 0.3  | 0.66 |   0   |  nan  | [0.25, 0.8, 0.73, 0.34, 0.54] | [0.6, 0.77, 1.1, 0.13, 0.72]  |
| 30 |   0   |   0    |  30  | [0.2, 0.09, 0.19, 0.24, 0.15]  | [0.97, 0.73, 0.68, 0.73, 0.89] | 0.24 | 0.68 |   0   |  nan  | [0.25, 0.8, 0.73, 0.34, 0.54] | [0.6, 0.77, 1.1, 0.13, 0.72]  |
| 31 |   0   |   0    |  31  | [0.4, 0.04, 0.17, 0.25, 0.09]  | [0.9, 0.96, 0.82, 0.81, 0.98]  | 0.4  | 0.81 |   0   |  nan  | [0.25, 0.8, 0.73, 0.34, 0.54] | [0.6, 0.77, 1.1, 0.13, 0.72]  |
| 32 |   0   |   0    |  32  | [0.28, 0.27, 0.1, 0.25, 0.61]  | [0.81, 0.8, 0.92, 0.67, 0.88]  | 0.61 | 0.67 |   0   |  nan  | [0.25, 0.8, 0.73, 0.34, 0.54] | [0.6, 0.77, 1.1, 0.13, 0.72]  |
| 33 |   0   |   0    |  33  | [0.45, 0.12, 0.1, 0.17, 0.48]  | [0.89, 0.9, 0.79, 0.67, 0.99]  | 0.48 | 0.67 |   0   |  nan  | [0.25, 0.8, 0.73, 0.34, 0.54] | [0.6, 0.77, 1.1, 0.13, 0.72]  |
| 34 |   0   |   0    |  34  | [0.42, 0.05, 0.05, 0.23, 0.35] | [0.8, 0.73, 0.66, 0.73, 0.82]  | 0.42 | 0.66 |   0   |  nan  | [0.25, 0.8, 0.73, 0.34, 0.54] | [0.6, 0.77, 1.1, 0.13, 0.72]  |
| 35 |   0   |   0    |  35  | [0.05, 0.27, 0.1, 0.14, 0.41]  | [0.8, 0.78, 0.76, 0.98, 0.88]  | 0.41 | 0.76 |   0   |  nan  | [0.25, 0.8, 0.73, 0.34, 0.54] | [0.6, 0.77, 1.1, 0.13, 0.72]  |
| 36 |   0   |   0    |  36  | [0.15, 0.34, 0.06, 0.33, 0.64] | [0.85, 0.74, 0.88, 0.78, 0.92] | 0.64 | 0.74 |   0   |  nan  | [0.25, 0.8, 0.73, 0.34, 0.54] | [0.6, 0.77, 1.1, 0.13, 0.72]  |
| 37 |   0   |   0    |  37  | [0.27, 0.38, 0.09, 0.35, 0.54] | [0.86, 0.73, 0.7, 0.94, 0.99]  | 0.54 | 0.7  |   0   |  nan  | [0.25, 0.8, 0.73, 0.34, 0.54] | [0.6, 0.77, 1.1, 0.13, 0.72]  |
| 38 |   0   |   0    |  38  | [0.04, 0.36, 0.15, 0.11, 0.28] | [0.96, 0.98, 0.84, 0.82, 0.96] | 0.36 | 0.82 |   0   |  nan  | [0.25, 0.8, 0.73, 0.34, 0.54] | [0.6, 0.77, 1.1, 0.13, 0.72]  |
| 39 |   0   |   0    |  39  | [0.1, 0.09, 0.01, 0.35, 0.06]  | [0.8, 0.91, 0.96, 0.73, 0.91]  | 0.35 | 0.73 |   0   |  nan  | [0.25, 0.8, 0.73, 0.34, 0.54] | [0.6, 0.77, 1.1, 0.13, 0.72]  |
| 40 |   0   |   0    |  40  | [0.02, 0.25, 0.03, 0.13, 0.15] | [0.82, 0.93, 0.97, 0.89, 0.8]  | 0.25 | 0.8  |   0   |  nan  | [0.25, 0.8, 0.73, 0.34, 0.54] | [0.6, 0.77, 1.1, 0.13, 0.72]  |
| 41 |   0   |   0    |  41  | [0.02, 0.29, 0.07, 0.09, 0.66] | [1.0, 0.78, 0.71, 0.92, 0.91]  | 0.66 | 0.71 |   0   |  nan  | [0.25, 0.8, 0.73, 0.34, 0.54] | [0.6, 0.77, 1.1, 0.13, 0.72]  |
| 42 |   0   |   0    |  42  | [0.24, 0.37, 0.03, 0.3, 0.22]  | [0.81, 0.82, 0.6, 0.82, 0.95]  | 0.37 | 0.6  |   0   |  nan  | [0.25, 0.8, 0.73, 0.34, 0.54] | [0.6, 0.77, 1.1, 0.13, 0.72]  |
| 43 |   0   |   0    |  43  | [0.28, 0.04, 0.06, 0.32, 0.43] | [0.81, 0.81, 0.7, 0.75, 0.82]  | 0.43 | 0.7  |   0   |  nan  | [0.25, 0.8, 0.73, 0.34, 0.54] | [0.6, 0.77, 1.1, 0.13, 0.72]  |
| 44 |   0   |   0    |  44  | [0.1, 0.02, 0.16, 0.38, 0.27]  | [0.94, 0.86, 0.64, 0.73, 0.93] | 0.38 | 0.64 |   0   |  nan  | [0.25, 0.8, 0.73, 0.34, 0.54] | [0.6, 0.77, 1.1, 0.13, 0.72]  |
| 45 |   0   |   0    |  45  |  [0.14, 0.16, 0.17, 0.3, 0.4]  | [0.87, 0.73, 0.65, 0.77, 0.84] | 0.4  | 0.65 |   0   |  nan  | [0.25, 0.8, 0.73, 0.34, 0.54] | [0.6, 0.77, 1.1, 0.13, 0.72]  |
| 46 |   0   |   0    |  46  | [0.21, 0.09, 0.18, 0.14, 0.38] | [0.84, 0.97, 0.7, 0.84, 0.83]  | 0.38 | 0.7  |   0   |  nan  | [0.25, 0.8, 0.73, 0.34, 0.54] | [0.6, 0.77, 1.1, 0.13, 0.72]  |
| 47 |   0   |   0    |  47  |  [0.39, 0.1, 0.1, 0.25, 0.63]  | [0.97, 0.97, 0.96, 0.7, 0.97]  | 0.63 | 0.7  |   0   |  nan  | [0.25, 0.8, 0.73, 0.34, 0.54] | [0.6, 0.77, 1.1, 0.13, 0.72]  |
| 48 |   0   |   0    |  48  | [0.21, 0.38, 0.17, 0.38, 0.37] | [0.81, 0.75, 0.99, 0.98, 1.0]  | 0.38 | 0.75 |   0   |  nan  | [0.25, 0.8, 0.73, 0.34, 0.54] | [0.6, 0.77, 1.1, 0.13, 0.72]  |
| 49 |   0   |   0    |  49  | [0.06, 0.36, 0.07, 0.26, 0.56] | [0.86, 0.87, 0.63, 0.85, 0.88] | 0.56 | 0.63 |   0   |  nan  | [0.25, 0.8, 0.73, 0.34, 0.54] | [0.6, 0.77, 1.1, 0.13, 0.72]  |
+----+-------+--------+------+--------------------------------+--------------------------------+------+------+-------+-------+-------------------------------+-------------------------------+

=== INDIVIDUAL BOT PERFORMANCE (ACROSS ALL ROUNDS) ===
+--------+---------------+---------+------------+-----------+-----------+--------------+-----------+
|  Role  |   Strategy    | BotName | MeanProfit | StdProfit | MinProfit | MedianProfit | MaxProfit |
+--------+---------------+---------+------------+-----------+-----------+--------------+-----------+
| buyer  | random-buyer  |   B0    |   0.5996   |  0.3551   |  0.1417   |    0.5184    |  1.5870   |
| buyer  | random-buyer  |   B1    |   0.6269   |  0.3065   |  0.0000   |    0.6271    |  1.3315   |
| buyer  | random-buyer  |   B2    |   0.6629   |  0.3340   |  0.2009   |    0.5442    |  1.3752   |
| buyer  | random-buyer  |   B3    |   0.8289   |  0.3571   |  0.2371   |    0.7957    |  1.4613   |
| buyer  | random-buyer  |   B4    |   0.5307   |  0.3259   |  0.0000   |    0.5913    |  1.4473   |
| seller | random-seller |   S0    |   0.6590   |  0.3805   |  0.0968   |    0.5517    |  1.7789   |
| seller | random-seller |   S1    |   0.6406   |  0.2963   |  0.1241   |    0.6159    |  1.3815   |
| seller | random-seller |   S2    |   0.6654   |  0.4145   |  0.0000   |    0.5225    |  1.6423   |
| seller | random-seller |   S3    |   0.4730   |  0.3396   |  0.0000   |    0.4592    |  1.2315   |
| seller | random-seller |   S4    |   0.6829   |  0.3345   |  0.1674   |    0.5928    |  1.6816   |
+--------+---------------+---------+------------+-----------+-----------+--------------+-----------+

=== MARKET PERFORMANCE (AGGREGATE) ===
+-----------------+----------------+---------------+----------------+--------------+--------------+
| MarketEff(Mean) | MarketEff(Std) | BuyerSurplus% | SellerSurplus% | AvgPriceDiff | AvgQuantDiff |
+-----------------+----------------+---------------+----------------+--------------+--------------+
|     0.9885      |     0.0080     |    51.15%     |     48.85%     |    0.0382    |    0.4800    |
+-----------------+----------------+---------------+----------------+--------------+--------------+
Saved single game-level summary to experiments/002_zic_only/game_summary.png
